TN:
SF:src\App.tsx
FN:15,(anonymous_0)
FNF:1
FNH:1
FNDA:2,(anonymous_0)
DA:13,1
DA:15,1
DA:16,2
LF:3
LH:3
BRF:0
BRH:0
end_of_record
TN:
SF:src\assets\hero-algorithm-bg.jpg
FNF:0
FNH:0
LF:0
LH:0
BRF:0
BRH:0
end_of_record
TN:
SF:src\components\AccessibilityControls.tsx
FN:8,(anonymous_0)
FN:13,(anonymous_1)
FN:26,(anonymous_2)
FN:35,(anonymous_3)
FNF:4
FNH:0
FNDA:0,(anonymous_0)
FNDA:0,(anonymous_1)
FNDA:0,(anonymous_2)
FNDA:0,(anonymous_3)
DA:8,1
DA:9,0
DA:10,0
DA:11,0
DA:13,0
DA:14,0
DA:15,0
DA:16,0
DA:17,0
DA:18,0
DA:20,0
DA:21,0
DA:22,0
DA:26,0
DA:27,0
DA:28,0
DA:29,0
DA:31,0
DA:35,0
DA:36,0
DA:37,0
DA:38,0
DA:40,0
DA:44,0
LF:24
LH:1
BRDA:15,0,0,0
BRDA:15,0,1,0
BRDA:28,1,0,0
BRDA:28,1,1,0
BRDA:37,2,0,0
BRDA:37,2,1,0
BRF:6
BRH:0
end_of_record
TN:
SF:src\components\AlgorithmInfo.tsx
FN:150,(anonymous_0)
FN:213,(anonymous_1)
FN:230,(anonymous_2)
FNF:3
FNH:0
FNDA:0,(anonymous_0)
FNDA:0,(anonymous_1)
FNDA:0,(anonymous_2)
DA:19,1
DA:150,1
DA:151,0
DA:153,0
DA:155,0
DA:214,0
DA:231,0
LF:7
LH:2
BRDA:153,0,0,0
BRDA:153,0,1,0
BRDA:163,1,0,0
BRDA:163,1,1,0
BRDA:164,2,0,0
BRDA:164,2,1,0
BRF:6
BRH:0
end_of_record
TN:
SF:src\components\AnimatedBackground.tsx
FN:3,(anonymous_0)
FN:6,(anonymous_1)
FN:14,(anonymous_2)
FN:46,(anonymous_3)
FN:55,(anonymous_4)
FN:64,(anonymous_5)
FN:81,(anonymous_6)
FN:90,(anonymous_7)
FN:98,(anonymous_8)
FN:114,(anonymous_9)
FN:121,(anonymous_10)
FN:129,(anonymous_11)
FN:156,(anonymous_12)
FN:161,(anonymous_13)
FN:163,(anonymous_14)
FN:183,(anonymous_15)
FN:188,(anonymous_16)
FN:193,(anonymous_17)
FN:203,(anonymous_18)
FNF:19
FNH:2
FNDA:2,(anonymous_0)
FNDA:1,(anonymous_1)
FNDA:0,(anonymous_2)
FNDA:0,(anonymous_3)
FNDA:0,(anonymous_4)
FNDA:0,(anonymous_5)
FNDA:0,(anonymous_6)
FNDA:0,(anonymous_7)
FNDA:0,(anonymous_8)
FNDA:0,(anonymous_9)
FNDA:0,(anonymous_10)
FNDA:0,(anonymous_11)
FNDA:0,(anonymous_12)
FNDA:0,(anonymous_13)
FNDA:0,(anonymous_14)
FNDA:0,(anonymous_15)
FNDA:0,(anonymous_16)
FNDA:0,(anonymous_17)
FNDA:0,(anonymous_18)
DA:3,1
DA:4,2
DA:6,2
DA:7,1
DA:8,1
DA:10,1
DA:11,1
DA:14,0
DA:15,0
DA:16,0
DA:18,0
DA:19,0
DA:22,0
DA:47,0
DA:48,0
DA:49,0
DA:50,0
DA:51,0
DA:52,0
DA:56,0
DA:57,0
DA:58,0
DA:59,0
DA:60,0
DA:65,0
DA:66,0
DA:67,0
DA:68,0
DA:82,0
DA:83,0
DA:84,0
DA:85,0
DA:86,0
DA:87,0
DA:91,0
DA:92,0
DA:94,0
DA:95,0
DA:99,0
DA:100,0
DA:101,0
DA:102,0
DA:103,0
DA:115,0
DA:116,0
DA:117,0
DA:118,0
DA:122,0
DA:123,0
DA:124,0
DA:125,0
DA:130,0
DA:131,0
DA:132,0
DA:133,0
DA:134,0
DA:139,0
DA:140,0
DA:141,0
DA:143,0
DA:144,0
DA:147,0
DA:148,0
DA:151,0
DA:152,0
DA:156,0
DA:157,0
DA:158,0
DA:161,0
DA:162,0
DA:163,0
DA:164,0
DA:165,0
DA:166,0
DA:167,0
DA:169,0
DA:170,0
DA:171,0
DA:172,0
DA:173,0
DA:174,0
DA:175,0
DA:176,0
DA:183,0
DA:184,0
DA:185,0
DA:188,0
DA:189,0
DA:190,0
DA:193,0
DA:194,0
DA:195,0
DA:198,0
DA:201,0
DA:203,0
DA:204,0
DA:208,2
LF:97
LH:8
BRDA:8,0,0,0
BRDA:8,0,1,1
BRDA:11,1,0,1
BRDA:11,1,1,0
BRDA:57,2,0,0
BRDA:57,2,1,0
BRDA:65,3,0,0
BRDA:65,3,1,0
BRDA:94,4,0,0
BRDA:94,4,1,0
BRDA:94,5,0,0
BRDA:94,5,1,0
BRDA:95,6,0,0
BRDA:95,6,1,0
BRDA:95,7,0,0
BRDA:95,7,1,0
BRDA:99,8,0,0
BRDA:99,8,1,0
BRDA:123,9,0,0
BRDA:123,9,1,0
BRDA:130,10,0,0
BRDA:130,10,1,0
BRDA:131,11,0,0
BRDA:131,11,1,0
BRDA:164,12,0,0
BRDA:164,12,1,0
BRDA:169,13,0,0
BRDA:169,13,1,0
BRDA:169,14,0,0
BRDA:169,14,1,0
BRF:30
BRH:2
end_of_record
TN:
SF:src\components\Features.tsx
FN:40,(anonymous_0)
FN:76,(anonymous_1)
FNF:2
FNH:2
FNDA:2,(anonymous_0)
FNDA:8,(anonymous_1)
DA:5,1
DA:40,1
DA:41,2
DA:43,2
DA:77,8
DA:78,8
DA:80,8
LF:7
LH:7
BRDA:54,0,0,0
BRDA:54,0,1,2
BRDA:85,1,0,0
BRDA:85,1,1,8
BRF:4
BRH:2
end_of_record
TN:
SF:src\components\FinalCTA.tsx
FN:5,(anonymous_0)
FN:65,(anonymous_1)
FNF:2
FNH:2
FNDA:2,(anonymous_0)
FNDA:8,(anonymous_1)
DA:5,1
DA:6,2
DA:66,8
LF:3
LH:3
BRF:0
BRH:0
end_of_record
TN:
SF:src\components\Footer.tsx
FN:3,(anonymous_0)
FNF:1
FNH:1
FNDA:2,(anonymous_0)
DA:3,1
DA:4,2
DA:6,2
LF:3
LH:3
BRF:0
BRH:0
end_of_record
TN:
SF:src\components\Hero.tsx
FN:6,(anonymous_0)
FN:83,(anonymous_1)
FNF:2
FNH:2
FNDA:2,(anonymous_0)
FNDA:8,(anonymous_1)
DA:6,1
DA:7,2
DA:84,8
LF:3
LH:3
BRF:0
BRH:0
end_of_record
TN:
SF:src\components\HowItWorks.tsx
FN:28,(anonymous_0)
FN:60,(anonymous_1)
FNF:2
FNH:2
FNDA:2,(anonymous_0)
FNDA:6,(anonymous_1)
DA:4,1
DA:28,1
DA:29,2
DA:31,2
DA:61,6
DA:62,6
DA:63,6
DA:64,6
DA:66,6
LF:9
LH:9
BRDA:38,0,0,0
BRDA:38,0,1,2
BRDA:71,1,0,0
BRDA:71,1,1,6
BRDA:97,2,0,6
BRDA:97,2,1,4
BRF:6
BRH:4
end_of_record
TN:
SF:src\components\MetricsDashboard.tsx
FN:14,(anonymous_0)
FNF:1
FNH:0
FNDA:0,(anonymous_0)
DA:14,1
DA:22,0
DA:24,0
LF:3
LH:1
BRDA:22,0,0,0
BRDA:22,0,1,0
BRDA:77,1,0,0
BRDA:77,1,1,0
BRF:4
BRH:0
end_of_record
TN:
SF:src\components\Navigation.tsx
FN:45,(anonymous_0)
FN:79,(anonymous_1)
FN:83,(anonymous_2)
FNF:3
FNH:3
FNDA:3,(anonymous_0)
FNDA:6,(anonymous_1)
FNDA:28,(anonymous_2)
DA:13,1
DA:45,1
DA:46,3
DA:47,3
DA:49,3
DA:80,6
DA:84,28
LF:7
LH:7
BRDA:133,0,0,3
BRDA:133,0,1,0
BRF:2
BRH:1
end_of_record
TN:
SF:src\components\OnboardingTutorial.tsx
FN:32,(anonymous_0)
FN:35,(anonymous_1)
FN:41,(anonymous_2)
FN:49,(anonymous_3)
FN:55,(anonymous_4)
FN:94,(anonymous_5)
FNF:6
FNH:3
FNDA:2,(anonymous_0)
FNDA:2,(anonymous_1)
FNDA:0,(anonymous_2)
FNDA:0,(anonymous_3)
FNDA:0,(anonymous_4)
FNDA:6,(anonymous_5)
DA:11,1
DA:32,1
DA:33,2
DA:35,2
DA:36,2
DA:37,1
DA:41,2
DA:42,0
DA:43,0
DA:45,0
DA:49,2
DA:50,0
DA:51,0
DA:55,2
DA:56,0
DA:57,0
DA:60,2
DA:61,2
DA:63,2
DA:95,6
LF:20
LH:13
BRDA:36,0,0,1
BRDA:36,0,1,1
BRDA:42,1,0,0
BRDA:42,1,1,0
BRDA:50,2,0,0
BRDA:50,2,1,0
BRDA:98,3,0,2
BRDA:98,3,1,4
BRDA:100,4,0,0
BRDA:100,4,1,4
BRDA:120,5,0,0
BRDA:120,5,1,2
BRF:12
BRH:6
end_of_record
TN:
SF:src\components\ProblemSolution.tsx
FN:4,(anonymous_0)
FNF:1
FNH:1
FNDA:2,(anonymous_0)
DA:4,1
DA:5,2
DA:6,2
DA:7,2
DA:9,2
LF:5
LH:5
BRDA:17,0,0,0
BRDA:17,0,1,2
BRDA:36,1,0,0
BRDA:36,1,1,2
BRDA:71,2,0,0
BRDA:71,2,1,2
BRF:6
BRH:3
end_of_record
TN:
SF:src\components\QuickStartExamples.tsx
FN:45,(anonymous_0)
FN:59,(anonymous_1)
FN:64,(anonymous_2)
FNF:3
FNH:0
FNDA:0,(anonymous_0)
FNDA:0,(anonymous_1)
FNDA:0,(anonymous_2)
DA:14,1
DA:45,1
DA:46,0
DA:60,0
DA:61,0
DA:64,0
LF:6
LH:2
BRF:0
BRH:0
end_of_record
TN:
SF:src\components\SupportedLanguages.tsx
FN:27,(anonymous_0)
FN:52,(anonymous_1)
FN:65,(anonymous_2)
FNF:3
FNH:3
FNDA:2,(anonymous_0)
FNDA:6,(anonymous_1)
FNDA:18,(anonymous_2)
DA:3,1
DA:27,1
DA:28,2
DA:53,6
DA:66,18
LF:5
LH:5
BRF:0
BRH:0
end_of_record
TN:
SF:src\components\TargetUsers.tsx
FN:31,(anonymous_0)
FN:50,(anonymous_1)
FN:74,(anonymous_2)
FNF:3
FNH:3
FNDA:2,(anonymous_0)
FNDA:6,(anonymous_1)
FNDA:24,(anonymous_2)
DA:4,1
DA:31,1
DA:32,2
DA:51,6
DA:52,6
DA:75,24
LF:6
LH:6
BRF:0
BRH:0
end_of_record
TN:
SF:src\components\ui\accordion.tsx
FN:12,(anonymous_0)
FN:20,(anonymous_1)
FN:40,(anonymous_2)
FNF:3
FNH:0
FNDA:0,(anonymous_0)
FNDA:0,(anonymous_1)
FNDA:0,(anonymous_2)
DA:7,1
DA:9,1
DA:13,0
DA:15,1
DA:17,1
DA:21,0
DA:35,1
DA:37,1
DA:41,0
DA:50,1
LF:10
LH:7
BRF:0
BRH:0
end_of_record
TN:
SF:src\components\ui\badge.tsx
FN:25,Badge
FNF:1
FNH:0
FNDA:0,Badge
DA:6,1
DA:26,0
LF:2
LH:1
BRF:0
BRH:0
end_of_record
TN:
SF:src\components\ui\button.tsx
FN:40,(anonymous_0)
FNF:1
FNH:1
FNDA:13,(anonymous_0)
DA:7,1
DA:39,1
DA:41,13
DA:42,13
DA:45,1
LF:5
LH:5
BRDA:40,0,0,13
BRDA:41,1,0,0
BRDA:41,1,1,13
BRF:3
BRH:2
end_of_record
TN:
SF:src\components\ui\card.tsx
FN:5,(anonymous_0)
FN:11,(anonymous_1)
FN:18,(anonymous_2)
FN:25,(anonymous_3)
FN:32,(anonymous_4)
FN:37,(anonymous_5)
FNF:6
FNH:2
FNDA:14,(anonymous_0)
FNDA:0,(anonymous_1)
FNDA:0,(anonymous_2)
FNDA:0,(anonymous_3)
FNDA:14,(anonymous_4)
FNDA:0,(anonymous_5)
DA:5,1
DA:6,14
DA:8,1
DA:10,1
DA:12,0
DA:15,1
DA:17,1
DA:19,0
DA:22,1
DA:24,1
DA:26,0
DA:29,1
DA:31,1
DA:32,14
DA:34,1
DA:36,1
DA:38,0
DA:41,1
LF:18
LH:14
BRF:0
BRH:0
end_of_record
TN:
SF:src\components\ui\dialog.tsx
FN:18,(anonymous_0)
FN:33,(anonymous_1)
FN:54,(anonymous_2)
FN:59,(anonymous_3)
FN:67,(anonymous_4)
FN:79,(anonymous_5)
FNF:6
FNH:4
FNDA:2,(anonymous_0)
FNDA:2,(anonymous_1)
FNDA:1,(anonymous_2)
FNDA:0,(anonymous_3)
FNDA:1,(anonymous_4)
FNDA:0,(anonymous_5)
DA:7,1
DA:9,1
DA:11,1
DA:13,1
DA:15,1
DA:19,2
DA:28,1
DA:30,1
DA:34,2
DA:52,1
DA:54,1
DA:55,1
DA:57,1
DA:59,1
DA:60,0
DA:62,1
DA:64,1
DA:68,1
DA:74,1
DA:76,1
DA:80,0
DA:82,1
LF:22
LH:20
BRF:0
BRH:0
end_of_record
TN:
SF:src\components\ui\input.tsx
FN:6,(anonymous_0)
FNF:1
FNH:0
FNDA:0,(anonymous_0)
DA:5,1
DA:7,0
DA:20,1
LF:3
LH:2
BRF:0
BRH:0
end_of_record
TN:
SF:src\components\ui\label.tsx
FN:12,(anonymous_0)
FNF:1
FNH:0
FNDA:0,(anonymous_0)
DA:7,1
DA:9,1
DA:13,0
DA:15,1
LF:4
LH:3
BRF:0
BRH:0
end_of_record
TN:
SF:src\components\ui\navigation-menu.tsx
FN:11,(anonymous_0)
FN:26,(anonymous_1)
FN:44,(anonymous_2)
FN:62,(anonymous_3)
FN:79,(anonymous_4)
FN:96,(anonymous_5)
FNF:6
FNH:5
FNDA:3,(anonymous_0)
FNDA:3,(anonymous_1)
FNDA:2,(anonymous_2)
FNDA:2,(anonymous_3)
FNDA:2,(anonymous_4)
FNDA:0,(anonymous_5)
DA:8,1
DA:12,3
DA:21,1
DA:23,1
DA:27,3
DA:33,1
DA:35,1
DA:37,1
DA:41,1
DA:45,2
DA:57,1
DA:59,1
DA:63,2
DA:72,1
DA:74,1
DA:76,1
DA:80,2
DA:91,1
DA:93,1
DA:97,0
DA:108,1
LF:21
LH:20
BRF:0
BRH:0
end_of_record
TN:
SF:src\components\ui\progress.tsx
FN:9,(anonymous_0)
FNF:1
FNH:0
FNDA:0,(anonymous_0)
DA:6,1
DA:10,0
DA:21,1
LF:3
LH:2
BRDA:17,0,0,0
BRDA:17,0,1,0
BRF:2
BRH:0
end_of_record
TN:
SF:src\components\ui\radio-group.tsx
FN:10,(anonymous_0)
FN:18,(anonymous_1)
FNF:2
FNH:0
FNDA:0,(anonymous_0)
FNDA:0,(anonymous_1)
DA:7,1
DA:11,0
DA:13,1
DA:15,1
DA:19,0
DA:34,1
LF:6
LH:4
BRF:0
BRH:0
end_of_record
TN:
SF:src\components\ui\scroll-area.tsx
FN:9,(anonymous_0)
FN:21,(anonymous_1)
FNF:2
FNH:0
FNDA:0,(anonymous_0)
FNDA:0,(anonymous_1)
DA:6,1
DA:10,0
DA:16,1
DA:18,1
DA:22,0
DA:36,1
LF:6
LH:4
BRDA:21,0,0,0
BRDA:27,1,0,0
BRDA:27,1,1,0
BRDA:28,2,0,0
BRDA:28,2,1,0
BRF:5
BRH:0
end_of_record
TN:
SF:src\components\ui\select.tsx
FN:16,(anonymous_0)
FN:36,(anonymous_1)
FN:50,(anonymous_2)
FN:64,(anonymous_3)
FN:96,(anonymous_4)
FN:104,(anonymous_5)
FN:127,(anonymous_6)
FNF:7
FNH:0
FNDA:0,(anonymous_0)
FNDA:0,(anonymous_1)
FNDA:0,(anonymous_2)
FNDA:0,(anonymous_3)
FNDA:0,(anonymous_4)
FNDA:0,(anonymous_5)
FNDA:0,(anonymous_6)
DA:7,1
DA:9,1
DA:11,1
DA:13,1
DA:17,0
DA:31,1
DA:33,1
DA:37,0
DA:45,1
DA:47,1
DA:51,0
DA:59,1
DA:61,1
DA:65,0
DA:91,1
DA:93,1
DA:97,0
DA:99,1
DA:101,1
DA:105,0
DA:122,1
DA:124,1
DA:128,0
DA:130,1
LF:24
LH:17
BRDA:64,0,0,0
BRDA:70,1,0,0
BRDA:70,1,1,0
BRDA:81,2,0,0
BRDA:81,2,1,0
BRF:5
BRH:0
end_of_record
TN:
SF:src\components\ui\slider.tsx
FN:9,(anonymous_0)
FNF:1
FNH:0
FNDA:0,(anonymous_0)
DA:6,1
DA:10,0
DA:21,1
LF:3
LH:2
BRF:0
BRH:0
end_of_record
TN:
SF:src\components\ui\sonner.tsx
FN:6,(anonymous_0)
FNF:1
FNH:1
FNDA:1,(anonymous_0)
DA:6,1
DA:7,1
DA:9,1
LF:3
LH:3
BRDA:7,0,0,1
BRF:1
BRH:1
end_of_record
TN:
SF:src\components\ui\switch.tsx
FN:9,(anonymous_0)
FNF:1
FNH:0
FNDA:0,(anonymous_0)
DA:6,1
DA:10,0
DA:25,1
LF:3
LH:2
BRF:0
BRH:0
end_of_record
TN:
SF:src\components\ui\tabs.tsx
FN:11,(anonymous_0)
FN:26,(anonymous_1)
FN:41,(anonymous_2)
FNF:3
FNH:0
FNDA:0,(anonymous_0)
FNDA:0,(anonymous_1)
FNDA:0,(anonymous_2)
DA:6,1
DA:8,1
DA:12,0
DA:21,1
DA:23,1
DA:27,0
DA:36,1
DA:38,1
DA:42,0
DA:51,1
LF:10
LH:7
BRF:0
BRH:0
end_of_record
TN:
SF:src\components\ui\textarea.tsx
FN:7,(anonymous_0)
FNF:1
FNH:0
FNDA:0,(anonymous_0)
DA:7,1
DA:8,0
DA:19,1
LF:3
LH:2
BRF:0
BRH:0
end_of_record
TN:
SF:src\components\ui\toast.tsx
FN:13,(anonymous_0)
FN:43,(anonymous_1)
FN:51,(anonymous_2)
FN:66,(anonymous_3)
FN:84,(anonymous_4)
FN:92,(anonymous_5)
FNF:6
FNH:1
FNDA:1,(anonymous_0)
FNDA:0,(anonymous_1)
FNDA:0,(anonymous_2)
FNDA:0,(anonymous_3)
FNDA:0,(anonymous_4)
FNDA:0,(anonymous_5)
DA:8,1
DA:10,1
DA:14,1
DA:23,1
DA:25,1
DA:40,1
DA:44,0
DA:46,1
DA:48,1
DA:52,0
DA:61,1
DA:63,1
DA:67,0
DA:79,1
DA:81,1
DA:85,0
DA:87,1
DA:89,1
DA:93,0
DA:95,1
LF:20
LH:15
BRF:0
BRH:0
end_of_record
TN:
SF:src\components\ui\toaster.tsx
FN:4,Toaster
FN:9,(anonymous_1)
FNF:2
FNH:1
FNDA:1,Toaster
FNDA:0,(anonymous_1)
DA:5,1
DA:7,1
DA:10,0
LF:3
LH:2
BRDA:13,0,0,0
BRDA:13,0,1,0
BRDA:14,1,0,0
BRDA:14,1,1,0
BRF:4
BRH:0
end_of_record
TN:
SF:src\components\ui\tooltip.tsx
FN:15,(anonymous_0)
FNF:1
FNH:0
FNDA:0,(anonymous_0)
DA:6,1
DA:8,1
DA:10,1
DA:12,1
DA:16,0
DA:26,1
LF:6
LH:5
BRDA:15,0,0,0
BRF:1
BRH:0
end_of_record
TN:
SF:src\components\visualizer\ChallengeMode.tsx
FN:66,(anonymous_0)
FN:76,(anonymous_1)
FN:87,(anonymous_2)
FN:96,(anonymous_3)
FN:104,(anonymous_4)
FN:160,(anonymous_5)
FN:177,(anonymous_6)
FN:179,(anonymous_7)
FNF:8
FNH:0
FNDA:0,(anonymous_0)
FNDA:0,(anonymous_1)
FNDA:0,(anonymous_2)
FNDA:0,(anonymous_3)
FNDA:0,(anonymous_4)
FNDA:0,(anonymous_5)
FNDA:0,(anonymous_6)
FNDA:0,(anonymous_7)
DA:24,1
DA:66,1
DA:67,0
DA:68,0
DA:69,0
DA:70,0
DA:71,0
DA:73,0
DA:74,0
DA:76,0
DA:77,0
DA:79,0
DA:80,0
DA:82,0
DA:83,0
DA:87,0
DA:88,0
DA:89,0
DA:90,0
DA:91,0
DA:92,0
DA:96,0
DA:97,0
DA:98,0
DA:99,0
DA:100,0
DA:101,0
DA:104,0
DA:105,0
DA:107,0
DA:109,0
DA:111,0
DA:113,0
DA:117,0
DA:161,0
DA:177,0
DA:180,0
LF:37
LH:2
BRDA:77,0,0,0
BRDA:77,0,1,0
BRDA:82,1,0,0
BRDA:82,1,1,0
BRDA:88,2,0,0
BRDA:88,2,1,0
BRDA:105,3,0,0
BRDA:105,3,1,0
BRDA:105,3,2,0
BRDA:105,3,3,0
BRDA:166,4,0,0
BRDA:166,4,1,0
BRDA:183,5,0,0
BRDA:183,5,1,0
BRDA:184,6,0,0
BRDA:184,6,1,0
BRDA:186,7,0,0
BRDA:186,7,1,0
BRDA:199,8,0,0
BRDA:199,8,1,0
BRDA:199,8,2,0
BRDA:202,9,0,0
BRDA:202,9,1,0
BRDA:202,9,2,0
BRDA:202,9,3,0
BRDA:210,10,0,0
BRDA:210,10,1,0
BRDA:213,11,0,0
BRDA:213,11,1,0
BRDA:230,12,0,0
BRDA:230,12,1,0
BRDA:238,13,0,0
BRDA:238,13,1,0
BRDA:266,14,0,0
BRDA:266,14,1,0
BRDA:271,15,0,0
BRDA:271,15,1,0
BRDA:271,16,0,0
BRDA:271,16,1,0
BRDA:272,17,0,0
BRDA:272,17,1,0
BRF:41
BRH:0
end_of_record
TN:
SF:src\components\visualizer\CodeEditor.tsx
FN:121,(anonymous_0)
FN:126,(anonymous_1)
FN:133,(anonymous_2)
FN:140,(anonymous_3)
FN:180,(anonymous_4)
FNF:5
FNH:0
FNDA:0,(anonymous_0)
FNDA:0,(anonymous_1)
FNDA:0,(anonymous_2)
FNDA:0,(anonymous_3)
FNDA:0,(anonymous_4)
DA:11,1
DA:121,1
DA:122,0
DA:123,0
DA:124,0
DA:126,0
DA:127,0
DA:128,0
DA:129,0
DA:130,0
DA:133,0
DA:134,0
DA:135,0
DA:136,0
DA:137,0
DA:140,0
DA:141,0
DA:142,0
DA:145,0
DA:180,0
LF:20
LH:2
BRDA:128,0,0,0
BRDA:128,0,1,0
BRDA:135,1,0,0
BRDA:135,1,1,0
BRF:4
BRH:0
end_of_record
TN:
SF:src\components\visualizer\ComparisonMode.tsx
FN:140,(anonymous_0)
FN:150,(anonymous_1)
FN:151,(anonymous_2)
FN:152,(anonymous_3)
FN:164,(anonymous_4)
FN:165,(anonymous_5)
FN:170,(anonymous_6)
FN:172,(anonymous_7)
FN:174,(anonymous_8)
FN:179,(anonymous_9)
FN:184,(anonymous_10)
FN:190,(anonymous_11)
FN:191,(anonymous_12)
FN:197,(anonymous_13)
FN:201,(anonymous_14)
FN:218,(anonymous_15)
FN:220,(anonymous_16)
FN:224,(anonymous_17)
FN:225,(anonymous_18)
FN:228,(anonymous_19)
FN:229,(anonymous_20)
FN:229,(anonymous_21)
FN:247,(anonymous_22)
FN:250,(anonymous_23)
FN:253,(anonymous_24)
FN:258,(anonymous_25)
FN:261,(anonymous_26)
FN:275,(anonymous_27)
FN:296,(anonymous_28)
FN:306,(anonymous_29)
FN:318,(anonymous_30)
FN:322,(anonymous_31)
FN:327,(anonymous_32)
FN:335,(anonymous_33)
FN:339,(anonymous_34)
FN:344,(anonymous_35)
FN:357,(anonymous_36)
FN:360,(anonymous_37)
FN:367,(anonymous_38)
FN:378,(anonymous_39)
FN:384,(anonymous_40)
FN:397,(anonymous_41)
FN:422,(anonymous_42)
FNF:43
FNH:0
FNDA:0,(anonymous_0)
FNDA:0,(anonymous_1)
FNDA:0,(anonymous_2)
FNDA:0,(anonymous_3)
FNDA:0,(anonymous_4)
FNDA:0,(anonymous_5)
FNDA:0,(anonymous_6)
FNDA:0,(anonymous_7)
FNDA:0,(anonymous_8)
FNDA:0,(anonymous_9)
FNDA:0,(anonymous_10)
FNDA:0,(anonymous_11)
FNDA:0,(anonymous_12)
FNDA:0,(anonymous_13)
FNDA:0,(anonymous_14)
FNDA:0,(anonymous_15)
FNDA:0,(anonymous_16)
FNDA:0,(anonymous_17)
FNDA:0,(anonymous_18)
FNDA:0,(anonymous_19)
FNDA:0,(anonymous_20)
FNDA:0,(anonymous_21)
FNDA:0,(anonymous_22)
FNDA:0,(anonymous_23)
FNDA:0,(anonymous_24)
FNDA:0,(anonymous_25)
FNDA:0,(anonymous_26)
FNDA:0,(anonymous_27)
FNDA:0,(anonymous_28)
FNDA:0,(anonymous_29)
FNDA:0,(anonymous_30)
FNDA:0,(anonymous_31)
FNDA:0,(anonymous_32)
FNDA:0,(anonymous_33)
FNDA:0,(anonymous_34)
FNDA:0,(anonymous_35)
FNDA:0,(anonymous_36)
FNDA:0,(anonymous_37)
FNDA:0,(anonymous_38)
FNDA:0,(anonymous_39)
FNDA:0,(anonymous_40)
FNDA:0,(anonymous_41)
FNDA:0,(anonymous_42)
DA:17,1
DA:140,1
DA:141,0
DA:145,0
DA:146,0
DA:147,0
DA:148,0
DA:150,0
DA:151,0
DA:152,0
DA:161,0
DA:164,0
DA:165,0
DA:166,0
DA:170,0
DA:171,0
DA:172,0
DA:173,0
DA:174,0
DA:175,0
DA:179,0
DA:180,0
DA:181,0
DA:182,0
DA:184,0
DA:185,0
DA:187,0
DA:190,0
DA:191,0
DA:192,0
DA:194,0
DA:197,0
DA:198,0
DA:201,0
DA:202,0
DA:203,0
DA:204,0
DA:218,0
DA:219,0
DA:220,0
DA:224,0
DA:225,0
DA:228,0
DA:229,0
DA:230,0
DA:232,0
DA:233,0
DA:234,0
DA:236,0
DA:247,0
DA:248,0
DA:250,0
DA:251,0
DA:253,0
DA:254,0
DA:258,0
DA:261,0
DA:262,0
DA:263,0
DA:266,0
DA:275,0
DA:296,0
DA:306,0
DA:319,0
DA:322,0
DA:328,0
DA:335,0
DA:339,0
DA:344,0
DA:357,0
DA:360,0
DA:367,0
DA:379,0
DA:384,0
DA:397,0
DA:422,0
LF:76
LH:2
BRDA:166,0,0,0
BRDA:166,0,1,0
BRDA:173,1,0,0
BRDA:173,1,1,0
BRDA:173,1,2,0
BRDA:175,2,0,0
BRDA:175,2,1,0
BRDA:180,3,0,0
BRDA:180,3,1,0
BRDA:185,4,0,0
BRDA:185,4,1,0
BRDA:192,5,0,0
BRDA:192,5,1,0
BRDA:202,6,0,0
BRDA:202,6,1,0
BRDA:203,7,0,0
BRDA:203,7,1,0
BRDA:219,8,0,0
BRDA:219,8,1,0
BRDA:225,9,0,0
BRDA:225,9,1,0
BRDA:230,10,0,0
BRDA:230,10,1,0
BRDA:248,11,0,0
BRDA:248,11,1,0
BRDA:253,12,0,0
BRDA:253,12,1,0
BRDA:276,13,0,0
BRDA:276,13,1,0
BRDA:279,14,0,0
BRDA:279,14,1,0
BRDA:280,15,0,0
BRDA:280,15,1,0
BRDA:337,16,0,0
BRDA:337,16,1,0
BRDA:343,17,0,0
BRDA:343,17,1,0
BRDA:352,18,0,0
BRDA:352,18,1,0
BRDA:384,19,0,0
BRDA:384,19,1,0
BRDA:394,20,0,0
BRDA:394,20,1,0
BRDA:397,21,0,0
BRDA:397,21,1,0
BRDA:417,22,0,0
BRDA:417,22,1,0
BRF:47
BRH:0
end_of_record
TN:
SF:src\components\visualizer\ComplexityHeatmap.tsx
FN:10,(anonymous_0)
FN:20,(anonymous_1)
FN:28,(anonymous_2)
FN:52,(anonymous_3)
FNF:4
FNH:0
FNDA:0,(anonymous_0)
FNDA:0,(anonymous_1)
FNDA:0,(anonymous_2)
FNDA:0,(anonymous_3)
DA:10,1
DA:12,0
DA:20,0
DA:21,0
DA:22,0
DA:23,0
DA:24,0
DA:25,0
DA:28,0
DA:29,0
DA:30,0
DA:31,0
DA:32,0
DA:33,0
DA:36,0
DA:53,0
LF:16
LH:1
BRDA:21,0,0,0
BRDA:21,0,1,0
BRDA:22,1,0,0
BRDA:22,1,1,0
BRDA:23,2,0,0
BRDA:23,2,1,0
BRDA:24,3,0,0
BRDA:24,3,1,0
BRDA:29,4,0,0
BRDA:29,4,1,0
BRDA:30,5,0,0
BRDA:30,5,1,0
BRDA:31,6,0,0
BRDA:31,6,1,0
BRDA:32,7,0,0
BRDA:32,7,1,0
BRDA:45,8,0,0
BRDA:45,8,1,0
BRF:18
BRH:0
end_of_record
TN:
SF:src\components\visualizer\DebugMode.tsx
FN:38,(anonymous_0)
FN:55,(anonymous_1)
FN:67,(anonymous_2)
FN:78,(anonymous_3)
FN:88,(anonymous_4)
FN:89,(anonymous_5)
FN:99,(anonymous_6)
FN:101,(anonymous_7)
FN:108,(anonymous_8)
FN:109,(anonymous_9)
FN:112,(anonymous_10)
FN:116,(anonymous_11)
FN:119,(anonymous_12)
FN:127,(anonymous_13)
FN:139,(anonymous_14)
FN:161,(anonymous_15)
FN:195,(anonymous_16)
FN:208,(anonymous_17)
FN:235,(anonymous_18)
FN:255,(anonymous_19)
FN:276,(anonymous_20)
FN:280,(anonymous_21)
FNF:22
FNH:0
FNDA:0,(anonymous_0)
FNDA:0,(anonymous_1)
FNDA:0,(anonymous_2)
FNDA:0,(anonymous_3)
FNDA:0,(anonymous_4)
FNDA:0,(anonymous_5)
FNDA:0,(anonymous_6)
FNDA:0,(anonymous_7)
FNDA:0,(anonymous_8)
FNDA:0,(anonymous_9)
FNDA:0,(anonymous_10)
FNDA:0,(anonymous_11)
FNDA:0,(anonymous_12)
FNDA:0,(anonymous_13)
FNDA:0,(anonymous_14)
FNDA:0,(anonymous_15)
FNDA:0,(anonymous_16)
FNDA:0,(anonymous_17)
FNDA:0,(anonymous_18)
FNDA:0,(anonymous_19)
FNDA:0,(anonymous_20)
FNDA:0,(anonymous_21)
DA:21,1
DA:38,1
DA:39,0
DA:40,0
DA:41,0
DA:42,0
DA:43,0
DA:44,0
DA:45,0
DA:50,0
DA:55,0
DA:56,0
DA:57,0
DA:58,0
DA:60,0
DA:61,0
DA:62,0
DA:63,0
DA:64,0
DA:67,0
DA:68,0
DA:69,0
DA:70,0
DA:71,0
DA:72,0
DA:73,0
DA:76,0
DA:78,0
DA:79,0
DA:80,0
DA:81,0
DA:83,0
DA:85,0
DA:88,0
DA:89,0
DA:90,0
DA:93,0
DA:94,0
DA:98,0
DA:99,0
DA:100,0
DA:101,0
DA:104,0
DA:108,0
DA:109,0
DA:112,0
DA:113,0
DA:116,0
DA:117,0
DA:119,0
DA:120,0
DA:121,0
DA:122,0
DA:124,0
DA:127,0
DA:130,0
DA:139,0
DA:161,0
DA:196,0
DA:197,0
DA:198,0
DA:200,0
DA:208,0
DA:236,0
DA:256,0
DA:277,0
DA:280,0
LF:67
LH:2
BRDA:56,0,0,0
BRDA:56,0,1,0
BRDA:80,1,0,0
BRDA:80,1,1,0
BRDA:93,2,0,0
BRDA:93,2,1,0
BRDA:98,3,0,0
BRDA:98,3,1,0
BRDA:100,4,0,0
BRDA:100,4,1,0
BRDA:117,5,0,0
BRDA:117,5,1,0
BRDA:120,6,0,0
BRDA:120,6,1,0
BRDA:144,7,0,0
BRDA:144,7,1,0
BRDA:157,8,0,0
BRDA:157,8,1,0
BRDA:183,9,0,0
BRDA:183,9,1,0
BRDA:184,10,0,0
BRDA:184,10,1,0
BRDA:204,11,0,0
BRDA:204,11,1,0
BRDA:211,12,0,0
BRDA:211,12,1,0
BRDA:218,13,0,0
BRDA:218,13,1,0
BRDA:259,14,0,0
BRDA:259,14,1,0
BRDA:289,15,0,0
BRDA:289,15,1,0
BRF:32
BRH:0
end_of_record
TN:
SF:src\components\visualizer\GraphVisualizer.tsx
FN:46,(anonymous_0)
FN:94,(anonymous_1)
FN:99,(anonymous_2)
FN:117,(anonymous_3)
FN:127,(anonymous_4)
FN:137,(anonymous_5)
FN:146,(anonymous_6)
FN:168,(anonymous_7)
FN:187,(anonymous_8)
FN:188,(anonymous_9)
FN:194,(anonymous_10)
FN:195,(anonymous_11)
FN:204,(anonymous_12)
FN:206,(anonymous_13)
FN:207,(anonymous_14)
FN:214,(anonymous_15)
FN:221,(anonymous_16)
FN:222,(anonymous_17)
FN:235,(anonymous_18)
FN:241,(anonymous_19)
FN:252,(anonymous_20)
FN:254,(anonymous_21)
FN:258,(anonymous_22)
FN:264,(anonymous_23)
FN:265,(anonymous_24)
FN:315,(anonymous_25)
FN:326,(anonymous_26)
FN:334,(anonymous_27)
FN:338,(anonymous_28)
FN:339,(anonymous_29)
FN:348,(anonymous_30)
FN:353,(anonymous_31)
FN:366,(anonymous_32)
FN:367,(anonymous_33)
FN:394,(anonymous_34)
FN:399,(anonymous_35)
FN:438,(anonymous_36)
FN:450,(anonymous_37)
FN:451,(anonymous_38)
FN:454,(anonymous_39)
FN:457,(anonymous_40)
FN:458,(anonymous_41)
FN:464,(anonymous_42)
FN:465,(anonymous_43)
FN:476,(anonymous_44)
FN:480,(anonymous_45)
FN:493,(anonymous_46)
FN:502,(anonymous_47)
FN:503,(anonymous_48)
FN:506,(anonymous_49)
FN:509,(anonymous_50)
FN:510,(anonymous_51)
FN:516,(anonymous_52)
FN:517,(anonymous_53)
FN:527,(anonymous_54)
FN:531,(anonymous_55)
FN:537,(anonymous_56)
FN:540,(anonymous_57)
FN:541,(anonymous_58)
FN:558,(anonymous_59)
FN:559,(anonymous_60)
FN:562,(anonymous_61)
FN:565,(anonymous_62)
FN:576,(anonymous_63)
FN:577,(anonymous_64)
FN:579,(anonymous_65)
FN:580,(anonymous_66)
FN:590,(anonymous_67)
FN:594,(anonymous_68)
FN:607,(anonymous_69)
FN:612,(anonymous_70)
FN:614,(anonymous_71)
FN:618,(anonymous_72)
FN:623,(anonymous_73)
FN:630,(anonymous_74)
FN:653,(anonymous_75)
FN:654,(anonymous_76)
FN:661,(anonymous_77)
FN:672,(anonymous_78)
FN:675,(anonymous_79)
FN:680,(anonymous_80)
FN:681,(anonymous_81)
FN:688,(anonymous_82)
FN:704,(anonymous_83)
FN:705,(anonymous_84)
FN:708,(anonymous_85)
FN:709,(anonymous_86)
FN:717,(anonymous_87)
FN:721,(anonymous_88)
FN:724,(anonymous_89)
FN:727,(anonymous_90)
FN:729,(anonymous_91)
FN:735,(anonymous_92)
FN:749,(anonymous_93)
FN:750,(anonymous_94)
FN:757,(anonymous_95)
FN:766,(anonymous_96)
FN:768,(anonymous_97)
FN:771,(anonymous_98)
FN:772,(anonymous_99)
FN:782,(anonymous_100)
FN:783,(anonymous_101)
FN:785,(anonymous_102)
FN:786,(anonymous_103)
FN:792,(anonymous_104)
FN:797,(anonymous_105)
FN:798,(anonymous_106)
FN:800,(anonymous_107)
FN:808,(anonymous_108)
FN:809,(anonymous_109)
FN:809,(anonymous_110)
FN:810,(anonymous_111)
FN:810,(anonymous_112)
FN:818,(anonymous_113)
FN:833,(anonymous_114)
FN:838,(anonymous_115)
FN:857,(anonymous_116)
FN:866,(anonymous_117)
FN:988,(anonymous_118)
FN:1093,(anonymous_119)
FN:1112,(anonymous_120)
FN:1179,(anonymous_121)
FN:1183,(anonymous_122)
FN:1187,(anonymous_123)
FN:1191,(anonymous_124)
FN:1204,(anonymous_125)
FN:1212,(anonymous_126)
FN:1220,(anonymous_127)
FN:1228,(anonymous_128)
FN:1274,(anonymous_129)
FN:1335,(anonymous_130)
FN:1346,(anonymous_131)
FN:1348,(anonymous_132)
FN:1370,(anonymous_133)
FN:1382,(anonymous_134)
FN:1386,(anonymous_135)
FNF:136
FNH:0
FNDA:0,(anonymous_0)
FNDA:0,(anonymous_1)
FNDA:0,(anonymous_2)
FNDA:0,(anonymous_3)
FNDA:0,(anonymous_4)
FNDA:0,(anonymous_5)
FNDA:0,(anonymous_6)
FNDA:0,(anonymous_7)
FNDA:0,(anonymous_8)
FNDA:0,(anonymous_9)
FNDA:0,(anonymous_10)
FNDA:0,(anonymous_11)
FNDA:0,(anonymous_12)
FNDA:0,(anonymous_13)
FNDA:0,(anonymous_14)
FNDA:0,(anonymous_15)
FNDA:0,(anonymous_16)
FNDA:0,(anonymous_17)
FNDA:0,(anonymous_18)
FNDA:0,(anonymous_19)
FNDA:0,(anonymous_20)
FNDA:0,(anonymous_21)
FNDA:0,(anonymous_22)
FNDA:0,(anonymous_23)
FNDA:0,(anonymous_24)
FNDA:0,(anonymous_25)
FNDA:0,(anonymous_26)
FNDA:0,(anonymous_27)
FNDA:0,(anonymous_28)
FNDA:0,(anonymous_29)
FNDA:0,(anonymous_30)
FNDA:0,(anonymous_31)
FNDA:0,(anonymous_32)
FNDA:0,(anonymous_33)
FNDA:0,(anonymous_34)
FNDA:0,(anonymous_35)
FNDA:0,(anonymous_36)
FNDA:0,(anonymous_37)
FNDA:0,(anonymous_38)
FNDA:0,(anonymous_39)
FNDA:0,(anonymous_40)
FNDA:0,(anonymous_41)
FNDA:0,(anonymous_42)
FNDA:0,(anonymous_43)
FNDA:0,(anonymous_44)
FNDA:0,(anonymous_45)
FNDA:0,(anonymous_46)
FNDA:0,(anonymous_47)
FNDA:0,(anonymous_48)
FNDA:0,(anonymous_49)
FNDA:0,(anonymous_50)
FNDA:0,(anonymous_51)
FNDA:0,(anonymous_52)
FNDA:0,(anonymous_53)
FNDA:0,(anonymous_54)
FNDA:0,(anonymous_55)
FNDA:0,(anonymous_56)
FNDA:0,(anonymous_57)
FNDA:0,(anonymous_58)
FNDA:0,(anonymous_59)
FNDA:0,(anonymous_60)
FNDA:0,(anonymous_61)
FNDA:0,(anonymous_62)
FNDA:0,(anonymous_63)
FNDA:0,(anonymous_64)
FNDA:0,(anonymous_65)
FNDA:0,(anonymous_66)
FNDA:0,(anonymous_67)
FNDA:0,(anonymous_68)
FNDA:0,(anonymous_69)
FNDA:0,(anonymous_70)
FNDA:0,(anonymous_71)
FNDA:0,(anonymous_72)
FNDA:0,(anonymous_73)
FNDA:0,(anonymous_74)
FNDA:0,(anonymous_75)
FNDA:0,(anonymous_76)
FNDA:0,(anonymous_77)
FNDA:0,(anonymous_78)
FNDA:0,(anonymous_79)
FNDA:0,(anonymous_80)
FNDA:0,(anonymous_81)
FNDA:0,(anonymous_82)
FNDA:0,(anonymous_83)
FNDA:0,(anonymous_84)
FNDA:0,(anonymous_85)
FNDA:0,(anonymous_86)
FNDA:0,(anonymous_87)
FNDA:0,(anonymous_88)
FNDA:0,(anonymous_89)
FNDA:0,(anonymous_90)
FNDA:0,(anonymous_91)
FNDA:0,(anonymous_92)
FNDA:0,(anonymous_93)
FNDA:0,(anonymous_94)
FNDA:0,(anonymous_95)
FNDA:0,(anonymous_96)
FNDA:0,(anonymous_97)
FNDA:0,(anonymous_98)
FNDA:0,(anonymous_99)
FNDA:0,(anonymous_100)
FNDA:0,(anonymous_101)
FNDA:0,(anonymous_102)
FNDA:0,(anonymous_103)
FNDA:0,(anonymous_104)
FNDA:0,(anonymous_105)
FNDA:0,(anonymous_106)
FNDA:0,(anonymous_107)
FNDA:0,(anonymous_108)
FNDA:0,(anonymous_109)
FNDA:0,(anonymous_110)
FNDA:0,(anonymous_111)
FNDA:0,(anonymous_112)
FNDA:0,(anonymous_113)
FNDA:0,(anonymous_114)
FNDA:0,(anonymous_115)
FNDA:0,(anonymous_116)
FNDA:0,(anonymous_117)
FNDA:0,(anonymous_118)
FNDA:0,(anonymous_119)
FNDA:0,(anonymous_120)
FNDA:0,(anonymous_121)
FNDA:0,(anonymous_122)
FNDA:0,(anonymous_123)
FNDA:0,(anonymous_124)
FNDA:0,(anonymous_125)
FNDA:0,(anonymous_126)
FNDA:0,(anonymous_127)
FNDA:0,(anonymous_128)
FNDA:0,(anonymous_129)
FNDA:0,(anonymous_130)
FNDA:0,(anonymous_131)
FNDA:0,(anonymous_132)
FNDA:0,(anonymous_133)
FNDA:0,(anonymous_134)
FNDA:0,(anonymous_135)
DA:46,1
DA:47,0
DA:48,0
DA:55,0
DA:63,0
DA:64,0
DA:65,0
DA:66,0
DA:67,0
DA:68,0
DA:69,0
DA:70,0
DA:71,0
DA:72,0
DA:73,0
DA:74,0
DA:75,0
DA:78,0
DA:79,0
DA:82,0
DA:83,0
DA:84,0
DA:85,0
DA:88,0
DA:91,0
DA:92,0
DA:94,0
DA:95,0
DA:99,0
DA:100,0
DA:105,0
DA:106,0
DA:108,0
DA:109,0
DA:111,0
DA:114,0
DA:117,0
DA:118,0
DA:119,0
DA:120,0
DA:121,0
DA:122,0
DA:123,0
DA:127,0
DA:128,0
DA:129,0
DA:130,0
DA:131,0
DA:132,0
DA:133,0
DA:137,0
DA:138,0
DA:139,0
DA:140,0
DA:141,0
DA:142,0
DA:146,0
DA:147,0
DA:149,0
DA:150,0
DA:152,0
DA:153,0
DA:154,0
DA:156,0
DA:162,0
DA:163,0
DA:164,0
DA:165,0
DA:168,0
DA:169,0
DA:170,0
DA:171,0
DA:172,0
DA:173,0
DA:174,0
DA:179,0
DA:180,0
DA:181,0
DA:182,0
DA:187,0
DA:188,0
DA:189,0
DA:190,0
DA:191,0
DA:194,0
DA:195,0
DA:196,0
DA:199,0
DA:200,0
DA:201,0
DA:204,0
DA:205,0
DA:206,0
DA:207,0
DA:209,0
DA:210,0
DA:211,0
DA:214,0
DA:215,0
DA:216,0
DA:217,0
DA:218,0
DA:219,0
DA:221,0
DA:222,0
DA:223,0
DA:229,0
DA:230,0
DA:231,0
DA:232,0
DA:235,0
DA:236,0
DA:237,0
DA:238,0
DA:241,0
DA:242,0
DA:244,0
DA:245,0
DA:247,0
DA:248,0
DA:251,0
DA:252,0
DA:253,0
DA:254,0
DA:257,0
DA:259,0
DA:264,0
DA:265,0
DA:266,0
DA:269,0
DA:270,0
DA:271,0
DA:274,0
DA:275,0
DA:276,0
DA:278,0
DA:289,0
DA:290,0
DA:291,0
DA:301,0
DA:302,0
DA:303,0
DA:306,0
DA:315,0
DA:317,0
DA:326,0
DA:331,0
DA:333,0
DA:335,0
DA:336,0
DA:339,0
DA:340,0
DA:343,0
DA:344,0
DA:346,0
DA:349,0
DA:350,0
DA:353,0
DA:354,0
DA:356,0
DA:366,0
DA:367,0
DA:369,0
DA:370,0
DA:373,0
DA:382,0
DA:383,0
DA:394,0
DA:395,0
DA:396,0
DA:397,0
DA:399,0
DA:400,0
DA:401,0
DA:402,0
DA:403,0
DA:406,0
DA:408,0
DA:410,0
DA:411,0
DA:413,0
DA:414,0
DA:416,0
DA:417,0
DA:419,0
DA:420,0
DA:422,0
DA:423,0
DA:425,0
DA:426,0
DA:428,0
DA:429,0
DA:431,0
DA:432,0
DA:435,0
DA:438,0
DA:439,0
DA:440,0
DA:441,0
DA:442,0
DA:443,0
DA:445,0
DA:446,0
DA:447,0
DA:449,0
DA:450,0
DA:451,0
DA:454,0
DA:456,0
DA:457,0
DA:458,0
DA:460,0
DA:461,0
DA:462,0
DA:463,0
DA:464,0
DA:465,0
DA:466,0
DA:475,0
DA:476,0
DA:480,0
DA:481,0
DA:482,0
DA:483,0
DA:484,0
DA:485,0
DA:486,0
DA:488,0
DA:489,0
DA:493,0
DA:494,0
DA:495,0
DA:497,0
DA:498,0
DA:499,0
DA:501,0
DA:502,0
DA:503,0
DA:506,0
DA:508,0
DA:509,0
DA:510,0
DA:513,0
DA:514,0
DA:515,0
DA:516,0
DA:517,0
DA:518,0
DA:527,0
DA:531,0
DA:532,0
DA:533,0
DA:534,0
DA:535,0
DA:537,0
DA:538,0
DA:540,0
DA:541,0
DA:544,0
DA:545,0
DA:546,0
DA:548,0
DA:549,0
DA:550,0
DA:551,0
DA:555,0
DA:557,0
DA:558,0
DA:559,0
DA:562,0
DA:564,0
DA:565,0
DA:568,0
DA:569,0
DA:570,0
DA:572,0
DA:573,0
DA:574,0
DA:575,0
DA:576,0
DA:577,0
DA:579,0
DA:580,0
DA:581,0
DA:590,0
DA:594,0
DA:595,0
DA:596,0
DA:597,0
DA:598,0
DA:599,0
DA:600,0
DA:602,0
DA:603,0
DA:607,0
DA:609,0
DA:612,0
DA:613,0
DA:614,0
DA:615,0
DA:616,0
DA:618,0
DA:619,0
DA:620,0
DA:623,0
DA:624,0
DA:625,0
DA:627,0
DA:630,0
DA:631,0
DA:632,0
DA:634,0
DA:636,0
DA:637,0
DA:639,0
DA:640,0
DA:641,0
DA:642,0
DA:644,0
DA:645,0
DA:647,0
DA:650,0
DA:652,0
DA:653,0
DA:654,0
DA:655,0
DA:661,0
DA:663,0
DA:664,0
DA:665,0
DA:666,0
DA:669,0
DA:672,0
DA:675,0
DA:676,0
DA:677,0
DA:678,0
DA:680,0
DA:681,0
DA:684,0
DA:685,0
DA:686,0
DA:688,0
DA:689,0
DA:690,0
DA:692,0
DA:693,0
DA:694,0
DA:698,0
DA:700,0
DA:701,0
DA:702,0
DA:704,0
DA:705,0
DA:707,0
DA:708,0
DA:709,0
DA:710,0
DA:717,0
DA:718,0
DA:721,0
DA:724,0
DA:725,0
DA:727,0
DA:728,0
DA:729,0
DA:730,0
DA:732,0
DA:735,0
DA:736,0
DA:737,0
DA:740,0
DA:741,0
DA:742,0
DA:743,0
DA:744,0
DA:746,0
DA:747,0
DA:749,0
DA:750,0
DA:751,0
DA:757,0
DA:763,0
DA:766,0
DA:767,0
DA:768,0
DA:769,0
DA:771,0
DA:772,0
DA:775,0
DA:776,0
DA:777,0
DA:778,0
DA:780,0
DA:781,0
DA:782,0
DA:783,0
DA:785,0
DA:786,0
DA:787,0
DA:792,0
DA:795,0
DA:796,0
DA:797,0
DA:798,0
DA:800,0
DA:805,0
DA:808,0
DA:809,0
DA:810,0
DA:811,0
DA:812,0
DA:813,0
DA:814,0
DA:815,0
DA:818,0
DA:819,0
DA:820,0
DA:821,0
DA:823,0
DA:825,0
DA:826,0
DA:827,0
DA:828,0
DA:830,0
DA:833,0
DA:834,0
DA:835,0
DA:837,0
DA:838,0
DA:839,0
DA:840,0
DA:841,0
DA:842,0
DA:843,0
DA:844,0
DA:845,0
DA:846,0
DA:847,0
DA:848,0
DA:850,0
DA:853,0
DA:854,0
DA:857,0
DA:858,0
DA:859,0
DA:860,0
DA:861,0
DA:862,0
DA:863,0
DA:866,0
DA:867,0
DA:868,0
DA:870,0
DA:873,0
DA:874,0
DA:875,0
DA:876,0
DA:877,0
DA:878,0
DA:886,0
DA:887,0
DA:888,0
DA:895,0
DA:899,0
DA:900,0
DA:901,0
DA:902,0
DA:903,0
DA:904,0
DA:912,0
DA:913,0
DA:919,0
DA:923,0
DA:932,0
DA:940,0
DA:944,0
DA:945,0
DA:946,0
DA:955,0
DA:956,0
DA:957,0
DA:959,0
DA:960,0
DA:967,0
DA:968,0
DA:976,0
DA:980,0
DA:981,0
DA:982,0
DA:983,0
DA:984,0
DA:985,0
DA:988,0
DA:989,0
DA:1039,0
DA:1042,0
DA:1044,0
DA:1093,0
DA:1112,0
DA:1179,0
DA:1183,0
DA:1187,0
DA:1191,0
DA:1204,0
DA:1212,0
DA:1220,0
DA:1228,0
DA:1275,0
DA:1335,0
DA:1346,0
DA:1349,0
DA:1350,0
DA:1370,0
DA:1382,0
DA:1387,0
DA:1388,0
LF:517
LH:1
BRDA:108,0,0,0
BRDA:108,0,1,0
BRDA:118,1,0,0
BRDA:118,1,1,0
BRDA:128,2,0,0
BRDA:128,2,1,0
BRDA:138,3,0,0
BRDA:138,3,1,0
BRDA:138,3,2,0
BRDA:138,3,3,0
BRDA:147,4,0,0
BRDA:147,4,1,0
BRDA:150,5,0,0
BRDA:150,5,1,0
BRDA:169,6,0,0
BRDA:169,6,1,0
BRDA:170,7,0,0
BRDA:170,7,1,0
BRDA:173,8,0,0
BRDA:173,8,1,0
BRDA:189,9,0,0
BRDA:189,9,1,0
BRDA:191,10,0,0
BRDA:191,10,1,0
BRDA:196,11,0,0
BRDA:196,11,1,0
BRDA:196,11,2,0
BRDA:196,11,3,0
BRDA:199,12,0,0
BRDA:199,12,1,0
BRDA:205,13,0,0
BRDA:205,13,1,0
BRDA:207,14,0,0
BRDA:207,14,1,0
BRDA:215,15,0,0
BRDA:215,15,1,0
BRDA:217,16,0,0
BRDA:217,16,1,0
BRDA:217,17,0,0
BRDA:217,17,1,0
BRDA:223,18,0,0
BRDA:223,18,1,0
BRDA:223,19,0,0
BRDA:223,19,1,0
BRDA:223,19,2,0
BRDA:223,19,3,0
BRDA:242,20,0,0
BRDA:242,20,1,0
BRDA:254,21,0,0
BRDA:254,21,1,0
BRDA:254,21,2,0
BRDA:254,21,3,0
BRDA:257,22,0,0
BRDA:257,22,1,0
BRDA:259,23,0,0
BRDA:259,23,1,0
BRDA:259,23,2,0
BRDA:259,23,3,0
BRDA:259,23,4,0
BRDA:259,23,5,0
BRDA:266,24,0,0
BRDA:266,24,1,0
BRDA:266,25,0,0
BRDA:266,25,1,0
BRDA:275,26,0,0
BRDA:275,26,1,0
BRDA:276,27,0,0
BRDA:276,27,1,0
BRDA:284,28,0,0
BRDA:284,28,1,0
BRDA:284,29,0,0
BRDA:284,29,1,0
BRDA:284,30,0,0
BRDA:284,30,1,0
BRDA:285,31,0,0
BRDA:285,31,1,0
BRDA:285,32,0,0
BRDA:285,32,1,0
BRDA:285,33,0,0
BRDA:285,33,1,0
BRDA:289,34,0,0
BRDA:289,34,1,0
BRDA:295,35,0,0
BRDA:295,35,1,0
BRDA:295,36,0,0
BRDA:295,36,1,0
BRDA:295,37,0,0
BRDA:295,37,1,0
BRDA:301,38,0,0
BRDA:301,38,1,0
BRDA:340,39,0,0
BRDA:340,39,1,0
BRDA:350,40,0,0
BRDA:350,40,1,0
BRDA:361,41,0,0
BRDA:361,41,1,0
BRDA:361,42,0,0
BRDA:361,42,1,0
BRDA:361,43,0,0
BRDA:361,43,1,0
BRDA:362,44,0,0
BRDA:362,44,1,0
BRDA:363,45,0,0
BRDA:363,45,1,0
BRDA:364,46,0,0
BRDA:364,46,1,0
BRDA:369,47,0,0
BRDA:369,47,1,0
BRDA:380,48,0,0
BRDA:380,48,1,0
BRDA:382,49,0,0
BRDA:382,49,1,0
BRDA:400,50,0,0
BRDA:400,50,1,0
BRDA:408,51,0,0
BRDA:408,51,1,0
BRDA:408,51,2,0
BRDA:408,51,3,0
BRDA:408,51,4,0
BRDA:408,51,5,0
BRDA:408,51,6,0
BRDA:408,51,7,0
BRDA:447,52,0,0
BRDA:447,52,1,0
BRDA:451,53,0,0
BRDA:451,53,1,0
BRDA:454,54,0,0
BRDA:454,54,1,0
BRDA:457,55,0,0
BRDA:457,55,1,0
BRDA:458,56,0,0
BRDA:458,56,1,0
BRDA:461,57,0,0
BRDA:461,57,1,0
BRDA:461,58,0,0
BRDA:461,58,1,0
BRDA:466,59,0,0
BRDA:466,59,1,0
BRDA:466,60,0,0
BRDA:466,60,1,0
BRDA:466,60,2,0
BRDA:466,60,3,0
BRDA:481,61,0,0
BRDA:481,61,1,0
BRDA:481,62,0,0
BRDA:481,62,1,0
BRDA:486,63,0,0
BRDA:486,63,1,0
BRDA:499,64,0,0
BRDA:499,64,1,0
BRDA:503,65,0,0
BRDA:503,65,1,0
BRDA:506,66,0,0
BRDA:506,66,1,0
BRDA:509,67,0,0
BRDA:509,67,1,0
BRDA:510,68,0,0
BRDA:510,68,1,0
BRDA:514,69,0,0
BRDA:514,69,1,0
BRDA:518,70,0,0
BRDA:518,70,1,0
BRDA:518,71,0,0
BRDA:518,71,1,0
BRDA:518,71,2,0
BRDA:518,71,3,0
BRDA:541,72,0,0
BRDA:541,72,1,0
BRDA:549,73,0,0
BRDA:549,73,1,0
BRDA:549,74,0,0
BRDA:549,74,1,0
BRDA:555,75,0,0
BRDA:555,75,1,0
BRDA:555,76,0,0
BRDA:555,76,1,0
BRDA:559,77,0,0
BRDA:559,77,1,0
BRDA:562,78,0,0
BRDA:562,78,1,0
BRDA:565,79,0,0
BRDA:565,79,1,0
BRDA:569,80,0,0
BRDA:569,80,1,0
BRDA:570,81,0,0
BRDA:570,81,1,0
BRDA:573,82,0,0
BRDA:573,82,1,0
BRDA:577,83,0,0
BRDA:577,83,1,0
BRDA:581,84,0,0
BRDA:581,84,1,0
BRDA:581,85,0,0
BRDA:581,85,1,0
BRDA:581,85,2,0
BRDA:581,85,3,0
BRDA:595,86,0,0
BRDA:595,86,1,0
BRDA:595,87,0,0
BRDA:595,87,1,0
BRDA:600,88,0,0
BRDA:600,88,1,0
BRDA:624,89,0,0
BRDA:624,89,1,0
BRDA:634,90,0,0
BRDA:634,90,1,0
BRDA:639,91,0,0
BRDA:639,91,1,0
BRDA:641,92,0,0
BRDA:641,92,1,0
BRDA:655,93,0,0
BRDA:655,93,1,0
BRDA:655,94,0,0
BRDA:655,94,1,0
BRDA:661,95,0,0
BRDA:661,95,1,0
BRDA:663,96,0,0
BRDA:663,96,1,0
BRDA:669,97,0,0
BRDA:669,97,1,0
BRDA:681,98,0,0
BRDA:681,98,1,0
BRDA:692,99,0,0
BRDA:692,99,1,0
BRDA:692,100,0,0
BRDA:692,100,1,0
BRDA:698,101,0,0
BRDA:698,101,1,0
BRDA:700,102,0,0
BRDA:700,102,1,0
BRDA:705,103,0,0
BRDA:705,103,1,0
BRDA:710,104,0,0
BRDA:710,104,1,0
BRDA:710,105,0,0
BRDA:710,105,1,0
BRDA:710,105,2,0
BRDA:710,105,3,0
BRDA:717,106,0,0
BRDA:717,106,1,0
BRDA:730,107,0,0
BRDA:730,107,1,0
BRDA:746,108,0,0
BRDA:746,108,1,0
BRDA:751,109,0,0
BRDA:751,109,1,0
BRDA:751,110,0,0
BRDA:751,110,1,0
BRDA:751,110,2,0
BRDA:757,111,0,0
BRDA:757,111,1,0
BRDA:772,112,0,0
BRDA:772,112,1,0
BRDA:780,113,0,0
BRDA:780,113,1,0
BRDA:783,114,0,0
BRDA:783,114,1,0
BRDA:787,115,0,0
BRDA:787,115,1,0
BRDA:787,116,0,0
BRDA:787,116,1,0
BRDA:792,117,0,0
BRDA:792,117,1,0
BRDA:795,118,0,0
BRDA:795,118,1,0
BRDA:798,119,0,0
BRDA:798,119,1,0
BRDA:800,120,0,0
BRDA:800,120,1,0
BRDA:835,121,0,0
BRDA:835,121,1,0
BRDA:841,122,0,0
BRDA:841,122,1,0
BRDA:842,123,0,0
BRDA:842,123,1,0
BRDA:843,124,0,0
BRDA:843,124,1,0
BRDA:844,125,0,0
BRDA:844,125,1,0
BRDA:870,126,0,0
BRDA:870,126,1,0
BRDA:870,126,2,0
BRDA:870,126,3,0
BRDA:950,127,0,0
BRDA:950,127,1,0
BRDA:959,128,0,0
BRDA:959,128,1,0
BRDA:967,129,0,0
BRDA:967,129,1,0
BRDA:1066,130,0,0
BRDA:1066,130,1,0
BRDA:1128,131,0,0
BRDA:1128,131,1,0
BRDA:1129,132,0,0
BRDA:1129,132,1,0
BRDA:1202,133,0,0
BRDA:1202,133,1,0
BRDA:1210,134,0,0
BRDA:1210,134,1,0
BRDA:1218,135,0,0
BRDA:1218,135,1,0
BRDA:1226,136,0,0
BRDA:1226,136,1,0
BRDA:1245,137,0,0
BRDA:1245,137,1,0
BRDA:1246,138,0,0
BRDA:1246,138,1,0
BRDA:1247,139,0,0
BRDA:1247,139,1,0
BRDA:1257,140,0,0
BRDA:1257,140,1,0
BRDA:1270,141,0,0
BRDA:1270,141,1,0
BRDA:1311,142,0,0
BRDA:1311,142,1,0
BRDA:1335,143,0,0
BRDA:1335,143,1,0
BRDA:1349,144,0,0
BRDA:1349,144,1,0
BRDA:1350,145,0,0
BRDA:1350,145,1,0
BRDA:1370,146,0,0
BRDA:1370,146,1,0
BRDA:1387,147,0,0
BRDA:1387,147,1,0
BRDA:1388,148,0,0
BRDA:1388,148,1,0
BRF:327
BRH:0
end_of_record
TN:
SF:src\components\visualizer\MemoryVisualizer.tsx
FN:12,(anonymous_0)
FN:63,(anonymous_1)
FN:87,(anonymous_2)
FN:87,(anonymous_3)
FNF:4
FNH:0
FNDA:0,(anonymous_0)
FNDA:0,(anonymous_1)
FNDA:0,(anonymous_2)
FNDA:0,(anonymous_3)
DA:12,1
DA:14,0
DA:15,0
DA:16,0
DA:17,0
DA:19,0
DA:21,0
DA:27,0
DA:64,0
DA:87,0
DA:88,0
LF:11
LH:1
BRDA:15,0,0,0
BRDA:15,0,1,0
BRDA:21,1,0,0
BRDA:21,1,1,0
BRDA:36,2,0,0
BRDA:36,2,1,0
BRDA:67,3,0,0
BRDA:67,3,1,0
BRDA:73,4,0,0
BRDA:73,4,1,0
BRDA:87,5,0,0
BRDA:87,5,1,0
BRDA:99,6,0,0
BRDA:99,6,1,0
BRDA:99,6,2,0
BRF:15
BRH:0
end_of_record
TN:
SF:src\components\visualizer\RaceMode.tsx
FN:26,(anonymous_0)
FN:31,(anonymous_1)
FN:39,(anonymous_2)
FN:40,(anonymous_3)
FN:41,(anonymous_4)
FN:47,(anonymous_5)
FN:61,(anonymous_6)
FN:88,(anonymous_7)
FN:135,(anonymous_8)
FNF:9
FNH:0
FNDA:0,(anonymous_0)
FNDA:0,(anonymous_1)
FNDA:0,(anonymous_2)
FNDA:0,(anonymous_3)
FNDA:0,(anonymous_4)
FNDA:0,(anonymous_5)
FNDA:0,(anonymous_6)
FNDA:0,(anonymous_7)
FNDA:0,(anonymous_8)
DA:14,1
DA:26,1
DA:27,0
DA:28,0
DA:29,0
DA:31,0
DA:32,0
DA:33,0
DA:34,0
DA:35,0
DA:36,0
DA:39,0
DA:40,0
DA:41,0
DA:42,0
DA:43,0
DA:46,0
DA:47,0
DA:50,0
DA:51,0
DA:52,0
DA:56,0
DA:61,0
DA:64,0
DA:89,0
DA:136,0
LF:26
LH:2
BRDA:32,0,0,0
BRDA:32,0,1,0
BRDA:46,1,0,0
BRDA:46,1,1,0
BRDA:46,2,0,0
BRDA:46,2,1,0
BRDA:50,3,0,0
BRDA:50,3,1,0
BRDA:73,4,0,0
BRDA:73,4,1,0
BRDA:73,5,0,0
BRDA:73,5,1,0
BRDA:92,6,0,0
BRDA:92,6,1,0
BRDA:97,7,0,0
BRDA:97,7,1,0
BRDA:102,8,0,0
BRDA:102,8,1,0
BRDA:110,9,0,0
BRDA:110,9,1,0
BRDA:117,10,0,0
BRDA:117,10,1,0
BRDA:131,11,0,0
BRDA:131,11,1,0
BRF:24
BRH:0
end_of_record
TN:
SF:src\components\visualizer\SortingVisualizer.tsx
FN:38,(anonymous_0)
FN:54,(anonymous_1)
FN:55,(anonymous_2)
FN:56,(anonymous_3)
FN:56,(anonymous_4)
FN:57,(anonymous_5)
FN:57,(anonymous_6)
FN:58,(anonymous_7)
FN:61,(anonymous_8)
FN:62,(anonymous_9)
FN:70,(anonymous_10)
FN:73,(anonymous_11)
FN:74,(anonymous_12)
FN:90,(anonymous_13)
FN:94,(anonymous_14)
FN:127,(anonymous_15)
FN:132,(anonymous_16)
FN:168,(anonymous_17)
FN:173,(anonymous_18)
FN:212,(anonymous_19)
FN:217,(anonymous_20)
FN:225,(anonymous_21)
FN:268,(anonymous_22)
FN:277,(anonymous_23)
FN:282,(anonymous_24)
FN:290,(anonymous_25)
FN:297,(anonymous_26)
FN:334,(anonymous_27)
FN:344,(anonymous_28)
FN:349,(anonymous_29)
FN:378,(anonymous_30)
FN:389,(anonymous_31)
FN:391,(anonymous_32)
FN:392,(anonymous_33)
FN:397,(anonymous_34)
FN:423,(anonymous_35)
FN:437,(anonymous_36)
FN:442,(anonymous_37)
FN:455,(anonymous_38)
FN:467,(anonymous_39)
FN:481,(anonymous_40)
FN:504,(anonymous_41)
FN:512,(anonymous_42)
FN:520,(anonymous_43)
FN:563,(anonymous_44)
FNF:45
FNH:0
FNDA:0,(anonymous_0)
FNDA:0,(anonymous_1)
FNDA:0,(anonymous_2)
FNDA:0,(anonymous_3)
FNDA:0,(anonymous_4)
FNDA:0,(anonymous_5)
FNDA:0,(anonymous_6)
FNDA:0,(anonymous_7)
FNDA:0,(anonymous_8)
FNDA:0,(anonymous_9)
FNDA:0,(anonymous_10)
FNDA:0,(anonymous_11)
FNDA:0,(anonymous_12)
FNDA:0,(anonymous_13)
FNDA:0,(anonymous_14)
FNDA:0,(anonymous_15)
FNDA:0,(anonymous_16)
FNDA:0,(anonymous_17)
FNDA:0,(anonymous_18)
FNDA:0,(anonymous_19)
FNDA:0,(anonymous_20)
FNDA:0,(anonymous_21)
FNDA:0,(anonymous_22)
FNDA:0,(anonymous_23)
FNDA:0,(anonymous_24)
FNDA:0,(anonymous_25)
FNDA:0,(anonymous_26)
FNDA:0,(anonymous_27)
FNDA:0,(anonymous_28)
FNDA:0,(anonymous_29)
FNDA:0,(anonymous_30)
FNDA:0,(anonymous_31)
FNDA:0,(anonymous_32)
FNDA:0,(anonymous_33)
FNDA:0,(anonymous_34)
FNDA:0,(anonymous_35)
FNDA:0,(anonymous_36)
FNDA:0,(anonymous_37)
FNDA:0,(anonymous_38)
FNDA:0,(anonymous_39)
FNDA:0,(anonymous_40)
FNDA:0,(anonymous_41)
FNDA:0,(anonymous_42)
FNDA:0,(anonymous_43)
FNDA:0,(anonymous_44)
DA:30,1
DA:38,1
DA:39,0
DA:40,0
DA:41,0
DA:42,0
DA:43,0
DA:44,0
DA:45,0
DA:46,0
DA:47,0
DA:48,0
DA:49,0
DA:50,0
DA:53,0
DA:54,0
DA:55,0
DA:56,0
DA:57,0
DA:58,0
DA:61,0
DA:62,0
DA:63,0
DA:64,0
DA:65,0
DA:66,0
DA:67,0
DA:70,0
DA:71,0
DA:73,0
DA:74,0
DA:76,0
DA:77,0
DA:78,0
DA:81,0
DA:82,0
DA:83,0
DA:84,0
DA:85,0
DA:86,0
DA:87,0
DA:90,0
DA:91,0
DA:94,0
DA:95,0
DA:96,0
DA:97,0
DA:98,0
DA:99,0
DA:101,0
DA:103,0
DA:104,0
DA:105,0
DA:106,0
DA:113,0
DA:114,0
DA:115,0
DA:116,0
DA:124,0
DA:127,0
DA:128,0
DA:129,0
DA:132,0
DA:133,0
DA:134,0
DA:135,0
DA:136,0
DA:137,0
DA:139,0
DA:141,0
DA:142,0
DA:143,0
DA:145,0
DA:152,0
DA:153,0
DA:154,0
DA:155,0
DA:156,0
DA:162,0
DA:164,0
DA:165,0
DA:168,0
DA:169,0
DA:170,0
DA:173,0
DA:174,0
DA:175,0
DA:176,0
DA:177,0
DA:178,0
DA:180,0
DA:182,0
DA:183,0
DA:185,0
DA:186,0
DA:187,0
DA:194,0
DA:195,0
DA:199,0
DA:200,0
DA:201,0
DA:202,0
DA:209,0
DA:212,0
DA:213,0
DA:214,0
DA:217,0
DA:218,0
DA:219,0
DA:220,0
DA:221,0
DA:223,0
DA:225,0
DA:226,0
DA:227,0
DA:229,0
DA:235,0
DA:236,0
DA:237,0
DA:244,0
DA:245,0
DA:246,0
DA:247,0
DA:248,0
DA:257,0
DA:258,0
DA:259,0
DA:265,0
DA:268,0
DA:269,0
DA:270,0
DA:271,0
DA:272,0
DA:276,0
DA:277,0
DA:278,0
DA:279,0
DA:282,0
DA:283,0
DA:284,0
DA:285,0
DA:286,0
DA:288,0
DA:290,0
DA:291,0
DA:292,0
DA:293,0
DA:295,0
DA:297,0
DA:301,0
DA:302,0
DA:303,0
DA:304,0
DA:305,0
DA:307,0
DA:308,0
DA:310,0
DA:311,0
DA:316,0
DA:319,0
DA:320,0
DA:321,0
DA:322,0
DA:323,0
DA:326,0
DA:327,0
DA:328,0
DA:329,0
DA:330,0
DA:334,0
DA:335,0
DA:336,0
DA:337,0
DA:338,0
DA:339,0
DA:343,0
DA:344,0
DA:345,0
DA:346,0
DA:349,0
DA:350,0
DA:351,0
DA:352,0
DA:353,0
DA:355,0
DA:357,0
DA:358,0
DA:360,0
DA:361,0
DA:363,0
DA:364,0
DA:366,0
DA:367,0
DA:369,0
DA:370,0
DA:373,0
DA:374,0
DA:375,0
DA:378,0
DA:379,0
DA:380,0
DA:381,0
DA:382,0
DA:383,0
DA:384,0
DA:385,0
DA:386,0
DA:389,0
DA:390,0
DA:391,0
DA:392,0
DA:393,0
DA:394,0
DA:397,0
DA:398,0
DA:399,0
DA:400,0
DA:401,0
DA:402,0
DA:407,0
DA:408,0
DA:409,0
DA:411,0
DA:423,0
DA:437,0
DA:443,0
DA:455,0
DA:467,0
DA:481,0
DA:504,0
DA:512,0
DA:520,0
DA:564,0
DA:565,0
DA:566,0
DA:567,0
DA:569,0
LF:237
LH:2
BRDA:54,0,0,0
BRDA:54,0,1,0
BRDA:54,0,2,0
BRDA:55,1,0,0
BRDA:55,1,1,0
BRDA:56,2,0,0
BRDA:56,2,1,0
BRDA:56,2,2,0
BRDA:57,3,0,0
BRDA:57,3,1,0
BRDA:57,3,2,0
BRDA:58,4,0,0
BRDA:58,4,1,0
BRDA:74,5,0,0
BRDA:74,5,1,0
BRDA:74,5,2,0
BRDA:76,6,0,0
BRDA:76,6,1,0
BRDA:113,7,0,0
BRDA:113,7,1,0
BRDA:152,8,0,0
BRDA:152,8,1,0
BRDA:194,9,0,0
BRDA:194,9,1,0
BRDA:199,10,0,0
BRDA:199,10,1,0
BRDA:244,11,0,0
BRDA:244,11,1,0
BRDA:269,12,0,0
BRDA:269,12,1,0
BRDA:301,13,0,0
BRDA:301,13,1,0
BRDA:303,14,0,0
BRDA:303,14,1,0
BRDA:335,15,0,0
BRDA:335,15,1,0
BRDA:355,16,0,0
BRDA:355,16,1,0
BRDA:355,16,2,0
BRDA:355,16,3,0
BRDA:355,16,4,0
BRDA:390,17,0,0
BRDA:390,17,1,0
BRDA:390,18,0,0
BRDA:390,18,1,0
BRDA:393,19,0,0
BRDA:393,19,1,0
BRDA:398,20,0,0
BRDA:398,20,1,0
BRDA:398,21,0,0
BRDA:398,21,1,0
BRDA:401,22,0,0
BRDA:401,22,1,0
BRDA:407,23,0,0
BRDA:407,23,1,0
BRDA:409,24,0,0
BRDA:409,24,1,0
BRDA:459,25,0,0
BRDA:459,25,1,0
BRDA:497,26,0,0
BRDA:497,26,1,0
BRDA:509,27,0,0
BRDA:509,27,1,0
BRDA:513,28,0,0
BRDA:513,28,1,0
BRDA:521,29,0,0
BRDA:521,29,1,0
BRDA:540,30,0,0
BRDA:540,30,1,0
BRDA:546,31,0,0
BRDA:546,31,1,0
BRDA:549,32,0,0
BRDA:549,32,1,0
BRDA:552,33,0,0
BRDA:552,33,1,0
BRDA:560,34,0,0
BRDA:560,34,1,0
BRDA:573,35,0,0
BRDA:573,35,1,0
BRDA:578,36,0,0
BRDA:578,36,1,0
BRDA:578,37,0,0
BRDA:578,37,1,0
BRDA:584,38,0,0
BRDA:584,38,1,0
BRDA:586,39,0,0
BRDA:586,39,1,0
BRDA:588,40,0,0
BRDA:588,40,1,0
BRDA:590,41,0,0
BRDA:590,41,1,0
BRDA:597,42,0,0
BRDA:597,42,1,0
BRDA:600,43,0,0
BRDA:600,43,1,0
BRDA:600,43,2,0
BRDA:610,44,0,0
BRDA:610,44,1,0
BRDA:614,45,0,0
BRDA:614,45,1,0
BRDA:670,46,0,0
BRDA:670,46,1,0
BRDA:684,47,0,0
BRDA:684,47,1,0
BRDA:684,48,0,0
BRDA:684,48,1,0
BRDA:684,48,2,0
BRF:107
BRH:0
end_of_record
TN:
SF:src\components\visualizer\TreeVisualizerAdvanced.tsx
FN:25,(anonymous_0)
FN:45,(anonymous_1)
FN:45,(anonymous_2)
FN:48,(anonymous_3)
FN:49,(anonymous_4)
FN:55,(anonymous_5)
FN:59,(anonymous_6)
FN:63,(anonymous_7)
FN:79,(anonymous_8)
FN:85,(anonymous_9)
FN:89,(anonymous_10)
FN:95,(anonymous_11)
FN:120,(anonymous_12)
FN:122,(anonymous_13)
FN:125,(anonymous_14)
FN:163,(anonymous_15)
FN:167,(anonymous_16)
FN:168,(anonymous_17)
FN:179,(anonymous_18)
FN:183,(anonymous_19)
FN:184,(anonymous_20)
FN:204,(anonymous_21)
FN:214,(anonymous_22)
FN:245,(anonymous_23)
FN:272,(anonymous_24)
FN:286,(anonymous_25)
FN:297,(anonymous_26)
FN:335,(anonymous_27)
FN:341,(anonymous_28)
FN:350,(anonymous_29)
FN:372,(anonymous_30)
FN:391,(anonymous_31)
FN:407,(anonymous_32)
FN:408,(anonymous_33)
FN:419,(anonymous_34)
FN:423,(anonymous_35)
FN:439,(anonymous_36)
FN:443,(anonymous_37)
FN:450,(anonymous_38)
FN:467,(anonymous_39)
FN:524,(anonymous_40)
FN:536,(anonymous_41)
FN:581,(anonymous_42)
FN:681,(anonymous_43)
FN:690,(anonymous_44)
FN:698,(anonymous_45)
FN:706,(anonymous_46)
FN:730,(anonymous_47)
FN:731,(anonymous_48)
FN:771,(anonymous_49)
FN:788,(anonymous_50)
FN:789,(anonymous_51)
FN:858,(anonymous_52)
FN:866,(anonymous_53)
FN:874,(anonymous_54)
FN:882,(anonymous_55)
FN:937,(anonymous_56)
FN:985,(anonymous_57)
FNF:58
FNH:0
FNDA:0,(anonymous_0)
FNDA:0,(anonymous_1)
FNDA:0,(anonymous_2)
FNDA:0,(anonymous_3)
FNDA:0,(anonymous_4)
FNDA:0,(anonymous_5)
FNDA:0,(anonymous_6)
FNDA:0,(anonymous_7)
FNDA:0,(anonymous_8)
FNDA:0,(anonymous_9)
FNDA:0,(anonymous_10)
FNDA:0,(anonymous_11)
FNDA:0,(anonymous_12)
FNDA:0,(anonymous_13)
FNDA:0,(anonymous_14)
FNDA:0,(anonymous_15)
FNDA:0,(anonymous_16)
FNDA:0,(anonymous_17)
FNDA:0,(anonymous_18)
FNDA:0,(anonymous_19)
FNDA:0,(anonymous_20)
FNDA:0,(anonymous_21)
FNDA:0,(anonymous_22)
FNDA:0,(anonymous_23)
FNDA:0,(anonymous_24)
FNDA:0,(anonymous_25)
FNDA:0,(anonymous_26)
FNDA:0,(anonymous_27)
FNDA:0,(anonymous_28)
FNDA:0,(anonymous_29)
FNDA:0,(anonymous_30)
FNDA:0,(anonymous_31)
FNDA:0,(anonymous_32)
FNDA:0,(anonymous_33)
FNDA:0,(anonymous_34)
FNDA:0,(anonymous_35)
FNDA:0,(anonymous_36)
FNDA:0,(anonymous_37)
FNDA:0,(anonymous_38)
FNDA:0,(anonymous_39)
FNDA:0,(anonymous_40)
FNDA:0,(anonymous_41)
FNDA:0,(anonymous_42)
FNDA:0,(anonymous_43)
FNDA:0,(anonymous_44)
FNDA:0,(anonymous_45)
FNDA:0,(anonymous_46)
FNDA:0,(anonymous_47)
FNDA:0,(anonymous_48)
FNDA:0,(anonymous_49)
FNDA:0,(anonymous_50)
FNDA:0,(anonymous_51)
FNDA:0,(anonymous_52)
FNDA:0,(anonymous_53)
FNDA:0,(anonymous_54)
FNDA:0,(anonymous_55)
FNDA:0,(anonymous_56)
FNDA:0,(anonymous_57)
DA:25,1
DA:26,0
DA:27,0
DA:28,0
DA:29,0
DA:30,0
DA:31,0
DA:32,0
DA:33,0
DA:34,0
DA:35,0
DA:36,0
DA:37,0
DA:38,0
DA:39,0
DA:40,0
DA:41,0
DA:42,0
DA:43,0
DA:45,0
DA:48,0
DA:49,0
DA:50,0
DA:51,0
DA:53,0
DA:55,0
DA:56,0
DA:59,0
DA:63,0
DA:64,0
DA:66,0
DA:67,0
DA:75,0
DA:79,0
DA:80,0
DA:81,0
DA:82,0
DA:85,0
DA:86,0
DA:89,0
DA:90,0
DA:91,0
DA:95,0
DA:96,0
DA:98,0
DA:99,0
DA:101,0
DA:102,0
DA:104,0
DA:105,0
DA:107,0
DA:108,0
DA:110,0
DA:111,0
DA:113,0
DA:114,0
DA:116,0
DA:117,0
DA:120,0
DA:121,0
DA:122,0
DA:125,0
DA:126,0
DA:127,0
DA:128,0
DA:131,0
DA:134,0
DA:135,0
DA:136,0
DA:137,0
DA:140,0
DA:141,0
DA:143,0
DA:144,0
DA:146,0
DA:147,0
DA:149,0
DA:150,0
DA:152,0
DA:153,0
DA:155,0
DA:156,0
DA:158,0
DA:159,0
DA:162,0
DA:163,0
DA:165,0
DA:167,0
DA:168,0
DA:170,0
DA:172,0
DA:173,0
DA:174,0
DA:175,0
DA:176,0
DA:177,0
DA:178,0
DA:179,0
DA:182,0
DA:183,0
DA:184,0
DA:186,0
DA:187,0
DA:188,0
DA:189,0
DA:192,0
DA:194,0
DA:195,0
DA:196,0
DA:197,0
DA:198,0
DA:199,0
DA:200,0
DA:201,0
DA:203,0
DA:204,0
DA:208,0
DA:209,0
DA:210,0
DA:211,0
DA:214,0
DA:215,0
DA:217,0
DA:218,0
DA:219,0
DA:220,0
DA:223,0
DA:224,0
DA:225,0
DA:226,0
DA:227,0
DA:228,0
DA:229,0
DA:230,0
DA:231,0
DA:232,0
DA:233,0
DA:234,0
DA:235,0
DA:236,0
DA:237,0
DA:240,0
DA:241,0
DA:242,0
DA:245,0
DA:246,0
DA:248,0
DA:250,0
DA:251,0
DA:252,0
DA:253,0
DA:254,0
DA:255,0
DA:256,0
DA:257,0
DA:258,0
DA:259,0
DA:260,0
DA:261,0
DA:262,0
DA:263,0
DA:264,0
DA:267,0
DA:268,0
DA:269,0
DA:272,0
DA:273,0
DA:275,0
DA:277,0
DA:278,0
DA:279,0
DA:280,0
DA:281,0
DA:282,0
DA:283,0
DA:284,0
DA:285,0
DA:286,0
DA:288,0
DA:291,0
DA:292,0
DA:297,0
DA:298,0
DA:299,0
DA:300,0
DA:303,0
DA:304,0
DA:306,0
DA:307,0
DA:308,0
DA:309,0
DA:311,0
DA:312,0
DA:313,0
DA:314,0
DA:316,0
DA:317,0
DA:318,0
DA:319,0
DA:321,0
DA:322,0
DA:323,0
DA:324,0
DA:327,0
DA:328,0
DA:331,0
DA:332,0
DA:333,0
DA:334,0
DA:335,0
DA:338,0
DA:341,0
DA:342,0
DA:343,0
DA:344,0
DA:345,0
DA:346,0
DA:347,0
DA:350,0
DA:351,0
DA:353,0
DA:354,0
DA:356,0
DA:357,0
DA:358,0
DA:360,0
DA:363,0
DA:364,0
DA:365,0
DA:366,0
DA:368,0
DA:372,0
DA:373,0
DA:374,0
DA:382,0
DA:390,0
DA:391,0
DA:392,0
DA:393,0
DA:394,0
DA:395,0
DA:398,0
DA:401,0
DA:407,0
DA:408,0
DA:414,0
DA:419,0
DA:421,0
DA:424,0
DA:425,0
DA:426,0
DA:427,0
DA:436,0
DA:439,0
DA:443,0
DA:450,0
DA:451,0
DA:452,0
DA:453,0
DA:461,0
DA:464,0
DA:465,0
DA:467,0
DA:468,0
DA:469,0
DA:470,0
DA:472,0
DA:473,0
DA:476,0
DA:477,0
DA:478,0
DA:479,0
DA:480,0
DA:481,0
DA:482,0
DA:484,0
DA:494,0
DA:507,0
DA:524,0
DA:525,0
DA:527,0
DA:536,0
DA:537,0
DA:538,0
DA:539,0
DA:540,0
DA:542,0
DA:555,0
DA:569,0
DA:570,0
DA:581,0
DA:582,0
DA:631,0
DA:632,0
DA:633,0
DA:636,0
DA:639,0
DA:681,0
DA:690,0
DA:698,0
DA:706,0
DA:730,0
DA:731,0
DA:771,0
DA:788,0
DA:789,0
DA:858,0
DA:866,0
DA:874,0
DA:882,0
DA:938,0
DA:986,0
LF:312
LH:1
BRDA:51,0,0,0
BRDA:51,0,1,0
BRDA:56,1,0,0
BRDA:56,1,1,0
BRDA:64,2,0,0
BRDA:64,2,1,0
BRDA:90,3,0,0
BRDA:90,3,1,0
BRDA:96,4,0,0
BRDA:96,4,1,0
BRDA:96,4,2,0
BRDA:96,4,3,0
BRDA:96,4,4,0
BRDA:96,4,5,0
BRDA:126,5,0,0
BRDA:126,5,1,0
BRDA:141,6,0,0
BRDA:141,6,1,0
BRDA:141,6,2,0
BRDA:141,6,3,0
BRDA:141,6,4,0
BRDA:141,6,5,0
BRDA:172,7,0,0
BRDA:172,7,1,0
BRDA:172,8,0,0
BRDA:172,8,1,0
BRDA:186,9,0,0
BRDA:186,9,1,0
BRDA:196,10,0,0
BRDA:196,10,1,0
BRDA:199,11,0,0
BRDA:199,11,1,0
BRDA:199,12,0,0
BRDA:199,12,1,0
BRDA:215,13,0,0
BRDA:215,13,1,0
BRDA:217,14,0,0
BRDA:217,14,1,0
BRDA:218,15,0,0
BRDA:218,15,1,0
BRDA:218,16,0,0
BRDA:218,16,1,0
BRDA:223,17,0,0
BRDA:223,17,1,0
BRDA:226,18,0,0
BRDA:226,18,1,0
BRDA:228,19,0,0
BRDA:228,19,1,0
BRDA:233,20,0,0
BRDA:233,20,1,0
BRDA:246,21,0,0
BRDA:246,21,1,0
BRDA:248,22,0,0
BRDA:248,22,1,0
BRDA:250,23,0,0
BRDA:250,23,1,0
BRDA:253,24,0,0
BRDA:253,24,1,0
BRDA:255,25,0,0
BRDA:255,25,1,0
BRDA:260,26,0,0
BRDA:260,26,1,0
BRDA:273,27,0,0
BRDA:273,27,1,0
BRDA:275,28,0,0
BRDA:275,28,1,0
BRDA:278,29,0,0
BRDA:278,29,1,0
BRDA:280,30,0,0
BRDA:280,30,1,0
BRDA:281,31,0,0
BRDA:281,31,1,0
BRDA:281,32,0,0
BRDA:281,32,1,0
BRDA:284,33,0,0
BRDA:284,33,1,0
BRDA:288,34,0,0
BRDA:288,34,1,0
BRDA:292,35,0,0
BRDA:292,35,1,0
BRDA:293,36,0,0
BRDA:293,36,1,0
BRDA:298,37,0,0
BRDA:298,37,1,0
BRDA:298,38,0,0
BRDA:298,38,1,0
BRDA:298,38,2,0
BRDA:304,39,0,0
BRDA:304,39,1,0
BRDA:304,39,2,0
BRDA:304,39,3,0
BRDA:333,40,0,0
BRDA:333,40,1,0
BRDA:351,41,0,0
BRDA:351,41,1,0
BRDA:351,42,0,0
BRDA:351,42,1,0
BRDA:356,43,0,0
BRDA:356,43,1,0
BRDA:357,44,0,0
BRDA:357,44,1,0
BRDA:363,45,0,0
BRDA:363,45,1,0
BRDA:365,46,0,0
BRDA:365,46,1,0
BRDA:373,47,0,0
BRDA:373,47,1,0
BRDA:393,48,0,0
BRDA:393,48,1,0
BRDA:394,49,0,0
BRDA:394,49,1,0
BRDA:395,50,0,0
BRDA:395,50,1,0
BRDA:410,51,0,0
BRDA:410,51,1,0
BRDA:424,52,0,0
BRDA:424,52,1,0
BRDA:425,53,0,0
BRDA:425,53,1,0
BRDA:426,54,0,0
BRDA:426,54,1,0
BRDA:429,55,0,0
BRDA:429,55,1,0
BRDA:439,56,0,0
BRDA:439,56,1,0
BRDA:452,57,0,0
BRDA:452,57,1,0
BRDA:476,58,0,0
BRDA:476,58,1,0
BRDA:489,59,0,0
BRDA:489,59,1,0
BRDA:499,60,0,0
BRDA:499,60,1,0
BRDA:569,61,0,0
BRDA:569,61,1,0
BRDA:632,62,0,0
BRDA:632,62,1,0
BRDA:661,63,0,0
BRDA:661,63,1,0
BRDA:683,64,0,0
BRDA:683,64,1,0
BRDA:685,65,0,0
BRDA:685,65,1,0
BRDA:709,66,0,0
BRDA:709,66,1,0
BRDA:728,67,0,0
BRDA:728,67,1,0
BRDA:731,68,0,0
BRDA:731,68,1,0
BRDA:731,68,2,0
BRDA:740,69,0,0
BRDA:740,69,1,0
BRDA:758,70,0,0
BRDA:758,70,1,0
BRDA:786,71,0,0
BRDA:786,71,1,0
BRDA:789,72,0,0
BRDA:789,72,1,0
BRDA:789,72,2,0
BRDA:850,73,0,0
BRDA:850,73,1,0
BRDA:850,73,2,0
BRDA:893,74,0,0
BRDA:893,74,1,0
BRDA:896,75,0,0
BRDA:896,75,1,0
BRDA:896,76,0,0
BRDA:896,76,1,0
BRDA:896,77,0,0
BRDA:896,77,1,0
BRDA:896,78,0,0
BRDA:896,78,1,0
BRDA:904,79,0,0
BRDA:904,79,1,0
BRDA:907,80,0,0
BRDA:907,80,1,0
BRDA:915,81,0,0
BRDA:915,81,1,0
BRDA:915,81,2,0
BRDA:915,81,3,0
BRDA:922,82,0,0
BRDA:922,82,1,0
BRDA:933,83,0,0
BRDA:933,83,1,0
BRDA:957,84,0,0
BRDA:957,84,1,0
BRDA:973,85,0,0
BRDA:973,85,1,0
BRDA:1013,86,0,0
BRDA:1013,86,1,0
BRF:190
BRH:0
end_of_record
TN:
SF:src\hooks\use-toast.ts
FN:24,genId
FN:55,(anonymous_1)
FN:60,(anonymous_2)
FN:71,(anonymous_3)
FN:82,(anonymous_4)
FN:93,(anonymous_5)
FN:100,(anonymous_6)
FN:119,(anonymous_7)
FN:128,dispatch
FN:130,(anonymous_9)
FN:137,toast
FN:140,(anonymous_11)
FN:145,(anonymous_12)
FN:153,(anonymous_13)
FN:166,useToast
FN:169,(anonymous_15)
FN:171,(anonymous_16)
FN:182,(anonymous_17)
FNF:18
FNH:3
FNDA:0,genId
FNDA:0,(anonymous_1)
FNDA:0,(anonymous_2)
FNDA:0,(anonymous_3)
FNDA:0,(anonymous_4)
FNDA:0,(anonymous_5)
FNDA:0,(anonymous_6)
FNDA:0,(anonymous_7)
FNDA:0,dispatch
FNDA:0,(anonymous_9)
FNDA:0,toast
FNDA:0,(anonymous_11)
FNDA:0,(anonymous_12)
FNDA:0,(anonymous_13)
FNDA:1,useToast
FNDA:1,(anonymous_15)
FNDA:1,(anonymous_16)
FNDA:0,(anonymous_17)
DA:5,1
DA:6,1
DA:15,1
DA:22,1
DA:25,0
DA:26,0
DA:53,1
DA:55,1
DA:56,0
DA:57,0
DA:60,0
DA:61,0
DA:62,0
DA:68,0
DA:71,1
DA:72,0
DA:74,0
DA:80,0
DA:82,0
DA:86,0
DA:90,0
DA:91,0
DA:93,0
DA:94,0
DA:98,0
DA:101,0
DA:111,0
DA:112,0
DA:117,0
DA:119,0
DA:124,1
DA:126,1
DA:129,0
DA:130,0
DA:131,0
DA:138,0
DA:140,0
DA:141,0
DA:145,0
DA:147,0
DA:154,0
DA:159,0
DA:167,1
DA:169,1
DA:170,1
DA:171,1
DA:172,1
DA:173,1
DA:174,1
DA:179,1
DA:182,0
LF:51
LH:17
BRDA:56,0,0,0
BRDA:56,0,1,0
BRDA:72,1,0,0
BRDA:72,1,1,0
BRDA:72,1,2,0
BRDA:72,1,3,0
BRDA:82,2,0,0
BRDA:82,2,1,0
BRDA:90,3,0,0
BRDA:90,3,1,0
BRDA:101,4,0,0
BRDA:101,4,1,0
BRDA:101,5,0,0
BRDA:101,5,1,0
BRDA:111,6,0,0
BRDA:111,6,1,0
BRDA:154,7,0,0
BRDA:154,7,1,0
BRDA:173,8,0,1
BRDA:173,8,1,0
BRF:20
BRH:1
end_of_record
TN:
SF:src\hooks\useExportVisualization.tsx
FN:5,(anonymous_0)
FN:8,(anonymous_1)
FN:36,(anonymous_2)
FN:58,(anonymous_3)
FN:64,(anonymous_4)
FN:86,(anonymous_5)
FN:118,(anonymous_6)
FN:121,(anonymous_7)
FNF:8
FNH:0
FNDA:0,(anonymous_0)
FNDA:0,(anonymous_1)
FNDA:0,(anonymous_2)
FNDA:0,(anonymous_3)
FNDA:0,(anonymous_4)
FNDA:0,(anonymous_5)
FNDA:0,(anonymous_6)
FNDA:0,(anonymous_7)
DA:5,1
DA:6,0
DA:8,0
DA:9,0
DA:10,0
DA:11,0
DA:12,0
DA:13,0
DA:14,0
DA:17,0
DA:22,0
DA:23,0
DA:24,0
DA:25,0
DA:27,0
DA:29,0
DA:30,0
DA:32,0
DA:36,0
DA:37,0
DA:38,0
DA:39,0
DA:40,0
DA:41,0
DA:45,0
DA:47,0
DA:48,0
DA:49,0
DA:52,0
DA:56,0
DA:58,0
DA:59,0
DA:60,0
DA:64,0
DA:65,0
DA:66,0
DA:67,0
DA:68,0
DA:69,0
DA:70,0
DA:71,0
DA:72,0
DA:75,0
DA:76,0
DA:78,0
DA:80,0
DA:81,0
DA:82,0
DA:86,0
DA:87,0
DA:88,0
DA:90,0
DA:91,0
DA:92,0
DA:93,0
DA:94,0
DA:98,0
DA:100,0
DA:107,0
DA:108,0
DA:110,0
DA:111,0
DA:116,0
DA:118,0
DA:121,0
DA:122,0
DA:123,0
DA:124,0
DA:125,0
DA:126,0
DA:127,0
DA:130,0
DA:132,0
DA:133,0
DA:134,0
DA:138,0
LF:76
LH:1
BRDA:8,0,0,0
BRDA:12,1,0,0
BRDA:12,1,1,0
BRDA:39,2,0,0
BRDA:39,2,1,0
BRDA:45,3,0,0
BRDA:45,3,1,0
BRDA:47,4,0,0
BRDA:47,4,1,0
BRDA:59,5,0,0
BRDA:59,5,1,0
BRDA:86,6,0,0
BRDA:92,7,0,0
BRDA:92,7,1,0
BRF:14
BRH:0
end_of_record
TN:
SF:src\hooks\useKeyboardShortcuts.tsx
FN:11,(anonymous_0)
FN:12,(anonymous_1)
FN:13,(anonymous_2)
FN:50,(anonymous_3)
FNF:4
FNH:0
FNDA:0,(anonymous_0)
FNDA:0,(anonymous_1)
FNDA:0,(anonymous_2)
FNDA:0,(anonymous_3)
DA:11,1
DA:12,0
DA:13,0
DA:15,0
DA:16,0
DA:19,0
DA:21,0
DA:22,0
DA:23,0
DA:25,0
DA:26,0
DA:27,0
DA:29,0
DA:30,0
DA:31,0
DA:34,0
DA:35,0
DA:36,0
DA:38,0
DA:41,0
DA:42,0
DA:43,0
DA:45,0
DA:49,0
DA:50,0
LF:25
LH:1
BRDA:15,0,0,0
BRDA:15,0,1,0
BRDA:15,1,0,0
BRDA:15,1,1,0
BRDA:19,2,0,0
BRDA:19,2,1,0
BRDA:19,2,2,0
BRDA:19,2,3,0
BRDA:19,2,4,0
BRDA:19,2,5,0
BRDA:19,2,6,0
BRDA:34,3,0,0
BRDA:34,3,1,0
BRDA:34,4,0,0
BRDA:34,4,1,0
BRDA:41,5,0,0
BRDA:41,5,1,0
BRDA:41,6,0,0
BRDA:41,6,1,0
BRF:19
BRH:0
end_of_record
TN:
SF:src\hooks\useScrollAnimation.tsx
FN:9,(anonymous_0)
FN:14,(anonymous_1)
FN:19,(anonymous_2)
FN:34,(anonymous_3)
FNF:4
FNH:3
FNDA:24,(anonymous_0)
FNDA:12,(anonymous_1)
FNDA:0,(anonymous_2)
FNDA:12,(anonymous_3)
DA:9,1
DA:10,24
DA:11,24
DA:12,24
DA:14,24
DA:15,12
DA:16,12
DA:18,12
DA:20,0
DA:21,0
DA:22,0
DA:23,0
DA:25,0
DA:26,0
DA:32,12
DA:34,12
DA:35,12
DA:36,12
DA:41,24
LF:19
LH:13
BRDA:9,0,0,24
BRDA:10,1,0,24
BRDA:10,2,0,24
BRDA:10,3,0,24
BRDA:16,4,0,0
BRDA:16,4,1,12
BRDA:20,5,0,0
BRDA:20,5,1,0
BRDA:22,6,0,0
BRDA:22,6,1,0
BRDA:25,7,0,0
BRDA:25,7,1,0
BRDA:35,8,0,12
BRDA:35,8,1,0
BRF:14
BRH:6
end_of_record
TN:
SF:src\integrations\supabase\client.ts
FNF:0
FNH:0
DA:5,1
DA:6,1
DA:11,1
LF:3
LH:3
BRF:0
BRH:0
end_of_record
TN:
SF:src\lib\utils.ts
FN:4,cn
FNF:1
FNH:1
FNDA:60,cn
DA:5,60
LF:1
LH:1
BRF:0
BRH:0
end_of_record
TN:
SF:src\lib\trees\AVLTree.ts
FN:5,(anonymous_0)
FN:10,(anonymous_1)
FN:46,(anonymous_2)
FN:50,(anonymous_3)
FN:54,(anonymous_4)
FN:71,(anonymous_5)
FNF:6
FNH:0
FNDA:0,(anonymous_0)
FNDA:0,(anonymous_1)
FNDA:0,(anonymous_2)
FNDA:0,(anonymous_3)
FNDA:0,(anonymous_4)
FNDA:0,(anonymous_5)
DA:6,0
DA:7,0
DA:11,0
DA:13,0
DA:14,0
DA:15,0
DA:17,0
DA:18,0
DA:21,0
DA:22,0
DA:25,0
DA:26,0
DA:29,0
DA:30,0
DA:33,0
DA:34,0
DA:35,0
DA:38,0
DA:39,0
DA:40,0
DA:43,0
DA:47,0
DA:51,0
DA:55,0
DA:56,0
DA:58,0
DA:59,0
DA:61,0
DA:62,0
DA:63,0
DA:65,0
DA:66,0
DA:68,0
DA:72,0
DA:73,0
DA:75,0
DA:76,0
DA:78,0
DA:79,0
DA:80,0
DA:82,0
DA:83,0
DA:85,0
LF:43
LH:0
BRDA:11,0,0,0
BRDA:11,0,1,0
BRDA:13,1,0,0
BRDA:13,1,1,0
BRDA:15,2,0,0
BRDA:15,2,1,0
BRDA:18,3,0,0
BRDA:18,3,1,0
BRDA:25,4,0,0
BRDA:25,4,1,0
BRDA:25,5,0,0
BRDA:25,5,1,0
BRDA:25,5,2,0
BRDA:29,6,0,0
BRDA:29,6,1,0
BRDA:29,7,0,0
BRDA:29,7,1,0
BRDA:29,7,2,0
BRDA:33,8,0,0
BRDA:33,8,1,0
BRDA:33,9,0,0
BRDA:33,9,1,0
BRDA:33,9,2,0
BRDA:38,10,0,0
BRDA:38,10,1,0
BRDA:38,11,0,0
BRDA:38,11,1,0
BRDA:38,11,2,0
BRDA:47,12,0,0
BRDA:47,12,1,0
BRDA:51,13,0,0
BRDA:51,13,1,0
BRDA:63,14,0,0
BRDA:63,14,1,0
BRDA:80,15,0,0
BRDA:80,15,1,0
BRF:36
BRH:0
end_of_record
TN:
SF:src\lib\trees\BinarySearchTree.ts
FN:6,(anonymous_0)
FN:33,(anonymous_1)
FN:42,(anonymous_2)
FN:47,(anonymous_3)
FN:65,(anonymous_4)
FN:70,(anonymous_5)
FN:79,(anonymous_6)
FN:88,(anonymous_7)
FN:97,(anonymous_8)
FNF:9
FNH:0
FNDA:0,(anonymous_0)
FNDA:0,(anonymous_1)
FNDA:0,(anonymous_2)
FNDA:0,(anonymous_3)
FNDA:0,(anonymous_4)
FNDA:0,(anonymous_5)
FNDA:0,(anonymous_6)
FNDA:0,(anonymous_7)
FNDA:0,(anonymous_8)
DA:4,0
DA:7,0
DA:8,0
DA:9,0
DA:10,0
DA:13,0
DA:14,0
DA:15,0
DA:16,0
DA:17,0
DA:18,0
DA:19,0
DA:21,0
DA:23,0
DA:24,0
DA:25,0
DA:26,0
DA:28,0
DA:34,0
DA:35,0
DA:36,0
DA:37,0
DA:39,0
DA:43,0
DA:44,0
DA:48,0
DA:50,0
DA:51,0
DA:52,0
DA:53,0
DA:55,0
DA:56,0
DA:58,0
DA:59,0
DA:60,0
DA:62,0
DA:66,0
DA:67,0
DA:71,0
DA:72,0
DA:73,0
DA:74,0
DA:76,0
DA:80,0
DA:81,0
DA:82,0
DA:83,0
DA:85,0
DA:89,0
DA:90,0
DA:91,0
DA:92,0
DA:94,0
DA:98,0
DA:99,0
DA:100,0
DA:102,0
DA:103,0
DA:104,0
DA:105,0
DA:106,0
DA:108,0
LF:62
LH:0
BRDA:8,0,0,0
BRDA:8,0,1,0
BRDA:15,1,0,0
BRDA:15,1,1,0
BRDA:16,2,0,0
BRDA:16,2,1,0
BRDA:23,3,0,0
BRDA:23,3,1,0
BRDA:36,4,0,0
BRDA:36,4,1,0
BRDA:37,5,0,0
BRDA:37,5,1,0
BRDA:48,6,0,0
BRDA:48,6,1,0
BRDA:50,7,0,0
BRDA:50,7,1,0
BRDA:52,8,0,0
BRDA:52,8,1,0
BRDA:55,9,0,0
BRDA:55,9,1,0
BRDA:56,10,0,0
BRDA:56,10,1,0
BRDA:70,11,0,0
BRDA:70,12,0,0
BRDA:71,13,0,0
BRDA:71,13,1,0
BRDA:79,14,0,0
BRDA:79,15,0,0
BRDA:80,16,0,0
BRDA:80,16,1,0
BRDA:88,17,0,0
BRDA:88,18,0,0
BRDA:89,19,0,0
BRDA:89,19,1,0
BRDA:98,20,0,0
BRDA:98,20,1,0
BRDA:105,21,0,0
BRDA:105,21,1,0
BRDA:106,22,0,0
BRDA:106,22,1,0
BRF:40
BRH:0
end_of_record
TN:
SF:src\lib\trees\Heap.ts
FN:5,(anonymous_0)
FN:9,(anonymous_1)
FN:14,(anonymous_2)
FN:24,(anonymous_3)
FN:36,(anonymous_4)
FN:58,(anonymous_5)
FN:62,(anonymous_6)
FN:66,(anonymous_7)
FNF:8
FNH:0
FNDA:0,(anonymous_0)
FNDA:0,(anonymous_1)
FNDA:0,(anonymous_2)
FNDA:0,(anonymous_3)
FNDA:0,(anonymous_4)
FNDA:0,(anonymous_5)
FNDA:0,(anonymous_6)
FNDA:0,(anonymous_7)
DA:2,0
DA:6,0
DA:10,0
DA:11,0
DA:15,0
DA:16,0
DA:18,0
DA:19,0
DA:20,0
DA:21,0
DA:25,0
DA:26,0
DA:27,0
DA:28,0
DA:29,0
DA:31,0
DA:37,0
DA:38,0
DA:39,0
DA:40,0
DA:42,0
DA:43,0
DA:45,0
DA:46,0
DA:49,0
DA:50,0
DA:51,0
DA:53,0
DA:59,0
DA:63,0
DA:67,0
LF:31
LH:0
BRDA:5,0,0,0
BRDA:15,1,0,0
BRDA:15,1,1,0
BRDA:16,2,0,0
BRDA:16,2,1,0
BRDA:27,3,0,0
BRDA:27,3,1,0
BRDA:42,4,0,0
BRDA:42,4,1,0
BRDA:42,5,0,0
BRDA:42,5,1,0
BRDA:45,6,0,0
BRDA:45,6,1,0
BRDA:45,7,0,0
BRDA:45,7,1,0
BRDA:49,8,0,0
BRDA:49,8,1,0
BRDA:59,9,0,0
BRDA:59,9,1,0
BRF:19
BRH:0
end_of_record
TN:
SF:src\lib\trees\RedBlackTree.ts
FN:5,(anonymous_0)
FN:12,(anonymous_1)
FN:51,(anonymous_2)
FN:69,(anonymous_3)
FNF:4
FNH:0
FNDA:0,(anonymous_0)
FNDA:0,(anonymous_1)
FNDA:0,(anonymous_2)
FNDA:0,(anonymous_3)
DA:6,0
DA:7,0
DA:8,0
DA:9,0
DA:13,0
DA:14,0
DA:15,0
DA:16,0
DA:17,0
DA:18,0
DA:19,0
DA:20,0
DA:22,0
DA:23,0
DA:24,0
DA:26,0
DA:27,0
DA:28,0
DA:31,0
DA:32,0
DA:33,0
DA:34,0
DA:35,0
DA:36,0
DA:38,0
DA:39,0
DA:40,0
DA:42,0
DA:43,0
DA:44,0
DA:48,0
DA:52,0
DA:53,0
DA:54,0
DA:55,0
DA:57,0
DA:58,0
DA:59,0
DA:60,0
DA:62,0
DA:65,0
DA:66,0
DA:70,0
DA:71,0
DA:72,0
DA:73,0
DA:75,0
DA:76,0
DA:77,0
DA:78,0
DA:80,0
DA:83,0
DA:84,0
LF:53
LH:0
BRDA:13,0,0,0
BRDA:13,0,1,0
BRDA:14,1,0,0
BRDA:14,1,1,0
BRDA:16,2,0,0
BRDA:16,2,1,0
BRDA:22,3,0,0
BRDA:22,3,1,0
BRDA:32,4,0,0
BRDA:32,4,1,0
BRDA:38,5,0,0
BRDA:38,5,1,0
BRDA:48,6,0,0
BRDA:48,6,1,0
BRDA:54,7,0,0
BRDA:54,7,1,0
BRDA:57,8,0,0
BRDA:57,8,1,0
BRDA:59,9,0,0
BRDA:59,9,1,0
BRDA:72,10,0,0
BRDA:72,10,1,0
BRDA:75,11,0,0
BRDA:75,11,1,0
BRDA:77,12,0,0
BRDA:77,12,1,0
BRF:26
BRH:0
end_of_record
TN:
SF:src\lib\trees\TreeNode.ts
FN:10,(anonymous_0)
FN:22,(anonymous_1)
FN:33,(anonymous_2)
FNF:3
FNH:0
FNDA:0,(anonymous_0)
FNDA:0,(anonymous_1)
FNDA:0,(anonymous_2)
DA:3,0
DA:4,0
DA:5,0
DA:6,0
DA:7,0
DA:11,0
DA:12,0
DA:17,0
DA:18,0
DA:19,0
DA:23,0
DA:28,0
DA:29,0
DA:34,0
DA:35,0
LF:15
LH:0
BRDA:33,0,0,0
BRF:1
BRH:0
end_of_record
TN:
SF:src\lib\trees\Trie.ts
FN:6,(anonymous_0)
FN:10,(anonymous_1)
FN:21,(anonymous_2)
FN:30,(anonymous_3)
FN:34,(anonymous_4)
FN:55,(anonymous_5)
FN:61,(anonymous_6)
FNF:7
FNH:0
FNDA:0,(anonymous_0)
FNDA:0,(anonymous_1)
FNDA:0,(anonymous_2)
FNDA:0,(anonymous_3)
FNDA:0,(anonymous_4)
FNDA:0,(anonymous_5)
FNDA:0,(anonymous_6)
DA:7,0
DA:11,0
DA:12,0
DA:13,0
DA:14,0
DA:16,0
DA:18,0
DA:22,0
DA:23,0
DA:24,0
DA:25,0
DA:27,0
DA:31,0
DA:35,0
DA:36,0
DA:37,0
DA:38,0
DA:41,0
DA:42,0
DA:43,0
DA:45,0
DA:47,0
DA:48,0
DA:49,0
DA:52,0
DA:56,0
DA:57,0
DA:58,0
DA:62,0
DA:63,0
DA:65,0
DA:66,0
LF:32
LH:0
BRDA:13,0,0,0
BRDA:13,0,1,0
BRDA:24,1,0,0
BRDA:24,1,1,0
BRDA:35,2,0,0
BRDA:35,2,1,0
BRDA:36,3,0,0
BRDA:36,3,1,0
BRDA:43,4,0,0
BRDA:43,4,1,0
BRDA:47,5,0,0
BRDA:47,5,1,0
BRDA:49,6,0,0
BRDA:49,6,1,0
BRDA:62,7,0,0
BRDA:62,7,1,0
BRF:16
BRH:0
end_of_record
TN:
SF:src\pages\Auth.tsx
FN:12,(anonymous_0)
FN:20,(anonymous_1)
FN:22,(anonymous_2)
FN:31,(anonymous_3)
FN:37,(anonymous_4)
FN:40,(anonymous_5)
FN:113,(anonymous_6)
FN:125,(anonymous_7)
FN:154,(anonymous_8)
FNF:9
FNH:0
FNDA:0,(anonymous_0)
FNDA:0,(anonymous_1)
FNDA:0,(anonymous_2)
FNDA:0,(anonymous_3)
FNDA:0,(anonymous_4)
FNDA:0,(anonymous_5)
FNDA:0,(anonymous_6)
FNDA:0,(anonymous_7)
FNDA:0,(anonymous_8)
DA:12,1
DA:13,0
DA:14,0
DA:15,0
DA:16,0
DA:17,0
DA:18,0
DA:20,0
DA:22,0
DA:23,0
DA:24,0
DA:25,0
DA:28,0
DA:31,0
DA:32,0
DA:33,0
DA:37,0
DA:40,0
DA:41,0
DA:42,0
DA:44,0
DA:45,0
DA:46,0
DA:51,0
DA:53,0
DA:58,0
DA:66,0
DA:68,0
DA:72,0
DA:75,0
DA:81,0
DA:85,0
DA:113,0
DA:125,0
DA:154,0
LF:35
LH:1
BRDA:24,0,0,0
BRDA:24,0,1,0
BRDA:32,1,0,0
BRDA:32,1,1,0
BRDA:45,2,0,0
BRDA:45,2,1,0
BRDA:51,3,0,0
BRDA:51,3,1,0
BRDA:66,4,0,0
BRDA:66,4,1,0
BRDA:77,5,0,0
BRDA:77,5,1,0
BRDA:96,6,0,0
BRDA:96,6,1,0
BRDA:99,7,0,0
BRDA:99,7,1,0
BRDA:136,8,0,0
BRDA:136,8,1,0
BRDA:138,9,0,0
BRDA:138,9,1,0
BRDA:158,10,0,0
BRDA:158,10,1,0
BRF:22
BRH:0
end_of_record
TN:
SF:src\pages\Demo.tsx
FN:51,(anonymous_0)
FN:96,(anonymous_1)
FNF:2
FNH:0
FNDA:0,(anonymous_0)
FNDA:0,(anonymous_1)
DA:6,1
DA:51,1
DA:52,0
DA:97,0
LF:4
LH:2
BRDA:102,0,0,0
BRDA:102,0,1,0
BRDA:103,1,0,0
BRDA:103,1,1,0
BRF:4
BRH:0
end_of_record
TN:
SF:src\pages\Docs.tsx
FN:54,(anonymous_0)
FN:226,(anonymous_1)
FN:243,(anonymous_2)
FNF:3
FNH:0
FNDA:0,(anonymous_0)
FNDA:0,(anonymous_1)
FNDA:0,(anonymous_2)
DA:7,1
DA:54,1
DA:55,0
DA:227,0
DA:228,0
DA:244,0
LF:6
LH:2
BRF:0
BRH:0
end_of_record
TN:
SF:src\pages\Index.tsx
FN:14,(anonymous_0)
FN:17,(anonymous_1)
FN:38,(anonymous_2)
FNF:3
FNH:2
FNDA:3,(anonymous_0)
FNDA:1,(anonymous_1)
FNDA:0,(anonymous_2)
DA:14,1
DA:15,3
DA:17,3
DA:18,1
DA:19,1
DA:20,1
DA:24,3
DA:38,0
LF:8
LH:7
BRDA:19,0,0,1
BRDA:19,0,1,0
BRF:2
BRH:1
end_of_record
TN:
SF:src\pages\NotFound.tsx
FN:4,(anonymous_0)
FN:7,(anonymous_1)
FNF:2
FNH:0
FNDA:0,(anonymous_0)
FNDA:0,(anonymous_1)
DA:4,1
DA:5,0
DA:7,0
DA:8,0
DA:11,0
LF:5
LH:1
BRF:0
BRH:0
end_of_record
TN:
SF:src\pages\Visualizer.tsx
FN:20,(anonymous_0)
FN:27,(anonymous_1)
FN:31,(anonymous_2)
FN:36,(anonymous_3)
FN:44,(anonymous_4)
FN:69,(anonymous_5)
FN:146,(anonymous_6)
FN:155,(anonymous_7)
FN:155,(anonymous_8)
FN:195,(anonymous_9)
FNF:10
FNH:0
FNDA:0,(anonymous_0)
FNDA:0,(anonymous_1)
FNDA:0,(anonymous_2)
FNDA:0,(anonymous_3)
FNDA:0,(anonymous_4)
FNDA:0,(anonymous_5)
FNDA:0,(anonymous_6)
FNDA:0,(anonymous_7)
FNDA:0,(anonymous_8)
FNDA:0,(anonymous_9)
DA:20,1
DA:21,0
DA:22,0
DA:23,0
DA:24,0
DA:25,0
DA:27,0
DA:28,0
DA:31,0
DA:32,0
DA:33,0
DA:36,0
DA:37,0
DA:38,0
DA:39,0
DA:40,0
DA:44,0
DA:45,0
DA:48,0
DA:69,0
DA:146,0
DA:155,0
DA:195,0
LF:23
LH:1
BRDA:37,0,0,0
BRDA:37,0,1,0
BRF:2
BRH:0
end_of_record
